[2026-01-11T23:01:56.471+0000] {local_task_job_runner.py:120} INFO - ::group::Pre task execution logs
[2026-01-11T23:01:56.497+0000] {taskinstance.py:2076} INFO - Dependencies all met for dep_context=non-requeueable deps ti=<TaskInstance: traffic_pipeline.spark_processing scheduled__2026-01-11T22:00:00+00:00 [queued]>
[2026-01-11T23:01:56.505+0000] {taskinstance.py:2076} INFO - Dependencies all met for dep_context=requeueable deps ti=<TaskInstance: traffic_pipeline.spark_processing scheduled__2026-01-11T22:00:00+00:00 [queued]>
[2026-01-11T23:01:56.508+0000] {taskinstance.py:2306} INFO - Starting attempt 1 of 3
[2026-01-11T23:01:56.524+0000] {taskinstance.py:2330} INFO - Executing <Task(BashOperator): spark_processing> on 2026-01-11 22:00:00+00:00
[2026-01-11T23:01:56.535+0000] {standard_task_runner.py:90} INFO - Running: ['***', 'tasks', 'run', 'traffic_pipeline', 'spark_processing', 'scheduled__2026-01-11T22:00:00+00:00', '--job-id', '70', '--raw', '--subdir', 'DAGS_FOLDER/traffic_pipeline_dag.py', '--cfg-path', '/tmp/tmpm0hwjl9i']
[2026-01-11T23:01:56.539+0000] {standard_task_runner.py:91} INFO - Job 70: Subtask spark_processing
[2026-01-11T23:01:56.540+0000] {logging_mixin.py:188} WARNING - /home/***/.local/lib/python3.12/site-packages/***/task/task_runner/standard_task_runner.py:62 DeprecationWarning: This process (pid=211) is multi-threaded, use of fork() may lead to deadlocks in the child.
[2026-01-11T23:01:56.541+0000] {standard_task_runner.py:64} INFO - Started process 212 to run task
[2026-01-11T23:01:56.630+0000] {task_command.py:426} INFO - Running <TaskInstance: traffic_pipeline.spark_processing scheduled__2026-01-11T22:00:00+00:00 [running]> on host b4454463b3f2
[2026-01-11T23:01:56.817+0000] {taskinstance.py:2648} INFO - Exporting env vars: AIRFLOW_CTX_DAG_EMAIL='alertes@smartcity.local' AIRFLOW_CTX_DAG_OWNER='smartcity-team' AIRFLOW_CTX_DAG_ID='traffic_pipeline' AIRFLOW_CTX_TASK_ID='spark_processing' AIRFLOW_CTX_EXECUTION_DATE='2026-01-11T22:00:00+00:00' AIRFLOW_CTX_TRY_NUMBER='1' AIRFLOW_CTX_DAG_RUN_ID='scheduled__2026-01-11T22:00:00+00:00'
[2026-01-11T23:01:56.819+0000] {taskinstance.py:430} INFO - ::endgroup::
[2026-01-11T23:01:56.845+0000] {subprocess.py:63} INFO - Tmp dir root location: /tmp
[2026-01-11T23:01:56.848+0000] {subprocess.py:75} INFO - Running command: ['/usr/bin/bash', '-c', '\n            echo "üöÄ Lancement du job Spark..."\n            \n            # Copier le script si n√©cessaire\n            docker cp /opt/***/scripts/spark_traffic_processing.py spark-master:/tmp/ 2>/dev/null || true\n            \n            # Soumettre le job Spark\n            docker exec spark-master /opt/spark/bin/spark-submit                 --master spark://spark-master:7077                 --deploy-mode client                 --executor-memory 2g                 --total-executor-cores 2                 /tmp/spark_traffic_processing.py\n            \n            if [ $? -eq 0 ]; then\n                echo "‚úÖ Job Spark termin√© avec succ√®s"\n            else\n                echo "‚ùå Erreur lors du job Spark"\n                exit 1\n            fi\n        ']
[2026-01-11T23:01:56.864+0000] {subprocess.py:86} INFO - Output:
[2026-01-11T23:01:56.867+0000] {subprocess.py:93} INFO - üöÄ Lancement du job Spark...
[2026-01-11T23:01:57.006+0000] {subprocess.py:93} INFO - Cannot connect to the Docker daemon at unix:///var/run/docker.sock. Is the docker daemon running?
[2026-01-11T23:01:57.008+0000] {subprocess.py:93} INFO - ‚ùå Erreur lors du job Spark
[2026-01-11T23:01:57.009+0000] {subprocess.py:97} INFO - Command exited with return code 1
[2026-01-11T23:01:57.010+0000] {taskinstance.py:441} INFO - ::group::Post task execution logs
[2026-01-11T23:01:57.018+0000] {taskinstance.py:2905} ERROR - Task failed with exception
Traceback (most recent call last):
  File "/home/airflow/.local/lib/python3.12/site-packages/airflow/models/taskinstance.py", line 460, in _execute_task
    result = _execute_callable(context=context, **execute_callable_kwargs)
             ^^^^^^^^^^^^^^^^^^^^^^^^^^^^^^^^^^^^^^^^^^^^^^^^^^^^^^^^^^^^^
  File "/home/airflow/.local/lib/python3.12/site-packages/airflow/models/taskinstance.py", line 432, in _execute_callable
    return execute_callable(context=context, **execute_callable_kwargs)
           ^^^^^^^^^^^^^^^^^^^^^^^^^^^^^^^^^^^^^^^^^^^^^^^^^^^^^^^^^^^^
  File "/home/airflow/.local/lib/python3.12/site-packages/airflow/models/baseoperator.py", line 401, in wrapper
    return func(self, *args, **kwargs)
           ^^^^^^^^^^^^^^^^^^^^^^^^^^^
  File "/home/airflow/.local/lib/python3.12/site-packages/airflow/operators/bash.py", line 243, in execute
    raise AirflowException(
airflow.exceptions.AirflowException: Bash command failed. The command returned a non-zero exit code 1.
[2026-01-11T23:01:57.029+0000] {taskinstance.py:1206} INFO - Marking task as UP_FOR_RETRY. dag_id=traffic_pipeline, task_id=spark_processing, run_id=scheduled__2026-01-11T22:00:00+00:00, execution_date=20260111T220000, start_date=20260111T230156, end_date=20260111T230157
[2026-01-11T23:01:57.044+0000] {standard_task_runner.py:110} ERROR - Failed to execute job 70 for task spark_processing (Bash command failed. The command returned a non-zero exit code 1.; 212)
[2026-01-11T23:01:57.089+0000] {local_task_job_runner.py:243} INFO - Task exited with return code 1
[2026-01-11T23:01:57.160+0000] {taskinstance.py:3503} INFO - 0 downstream tasks scheduled from follow-on schedule check
[2026-01-11T23:01:57.167+0000] {local_task_job_runner.py:222} INFO - ::endgroup::
