[2026-01-12T07:48:19.039+0000] {local_task_job_runner.py:120} INFO - ::group::Pre task execution logs
[2026-01-12T07:48:20.667+0000] {taskinstance.py:2076} INFO - Dependencies all met for dep_context=non-requeueable deps ti=<TaskInstance: traffic_pipeline.spark_processing scheduled__2026-01-11T21:00:00+00:00 [queued]>
[2026-01-12T07:48:20.978+0000] {taskinstance.py:2076} INFO - Dependencies all met for dep_context=requeueable deps ti=<TaskInstance: traffic_pipeline.spark_processing scheduled__2026-01-11T21:00:00+00:00 [queued]>
[2026-01-12T07:48:21.100+0000] {taskinstance.py:2306} INFO - Starting attempt 7 of 6
[2026-01-12T07:48:19.901+0000] {taskinstance.py:2330} INFO - Executing <Task(BashOperator): spark_processing> on 2026-01-11 21:00:00+00:00
[2026-01-12T07:48:19.968+0000] {logging_mixin.py:188} WARNING - /home/***/.local/lib/python3.12/site-packages/***/task/task_runner/standard_task_runner.py:62 DeprecationWarning: This process (pid=237) is multi-threaded, use of fork() may lead to deadlocks in the child.
[2026-01-12T07:48:19.980+0000] {standard_task_runner.py:90} INFO - Running: ['***', 'tasks', 'run', 'traffic_pipeline', 'spark_processing', 'scheduled__2026-01-11T21:00:00+00:00', '--job-id', '165', '--raw', '--subdir', 'DAGS_FOLDER/traffic_pipeline_dag.py', '--cfg-path', '/tmp/tmpy9x_bt26']
[2026-01-12T07:48:20.012+0000] {standard_task_runner.py:64} INFO - Started process 264 to run task
[2026-01-12T07:48:20.036+0000] {standard_task_runner.py:91} INFO - Job 165: Subtask spark_processing
[2026-01-12T07:48:20.646+0000] {task_command.py:426} INFO - Running <TaskInstance: traffic_pipeline.spark_processing scheduled__2026-01-11T21:00:00+00:00 [running]> on host 62775b93545d
[2026-01-12T07:48:20.967+0000] {taskinstance.py:2648} INFO - Exporting env vars: AIRFLOW_CTX_DAG_EMAIL='alertes@smartcity.local' AIRFLOW_CTX_DAG_OWNER='smartcity-team' AIRFLOW_CTX_DAG_ID='traffic_pipeline' AIRFLOW_CTX_TASK_ID='spark_processing' AIRFLOW_CTX_EXECUTION_DATE='2026-01-11T21:00:00+00:00' AIRFLOW_CTX_TRY_NUMBER='7' AIRFLOW_CTX_DAG_RUN_ID='scheduled__2026-01-11T21:00:00+00:00'
[2026-01-12T07:48:20.978+0000] {taskinstance.py:430} INFO - ::endgroup::
[2026-01-12T07:48:21.014+0000] {subprocess.py:63} INFO - Tmp dir root location: /tmp
[2026-01-12T07:48:21.019+0000] {subprocess.py:75} INFO - Running command: ['/usr/bin/bash', '-c', '\n            echo "ðŸš€ Lancement du job Spark..."\n            \n            # Copier le script si nÃ©cessaire\n            docker cp /opt/***/scripts/spark_traffic_processing.py spark-master:/tmp/ 2>/dev/null || true\n            \n            # Soumettre le job Spark avec plus de mÃ©moire et timeout gÃ©rÃ©\n            docker exec spark-master /opt/spark/bin/spark-submit                 --master spark://spark-master:7077                 --deploy-mode client                 --executor-memory 2g                 --driver-memory 1g                 --total-executor-cores 2                 /tmp/spark_traffic_processing.py\n            \n            if [ $? -eq 0 ]; then\n                echo "âœ… Job Spark terminÃ© avec succÃ¨s"\n            else\n                echo "âŒ Erreur lors du job Spark"\n                exit 1\n            fi\n        ']
[2026-01-12T07:48:21.060+0000] {subprocess.py:86} INFO - Output:
[2026-01-12T07:48:21.066+0000] {subprocess.py:93} INFO - ðŸš€ Lancement du job Spark...
[2026-01-12T07:48:46.438+0000] {subprocess.py:93} INFO - ðŸš€ DÃ©marrage du job Spark : SmartCityTrafficAnalysis
[2026-01-12T07:48:47.012+0000] {subprocess.py:93} INFO - 26/01/12 07:48:47 INFO SparkContext: Running Spark version 3.5.1
[2026-01-12T07:48:47.029+0000] {subprocess.py:93} INFO - 26/01/12 07:48:47 INFO SparkContext: OS info Linux, 6.6.87.2-microsoft-standard-WSL2, amd64
[2026-01-12T07:48:47.053+0000] {subprocess.py:93} INFO - 26/01/12 07:48:47 INFO SparkContext: Java version 11.0.22
[2026-01-12T07:48:47.352+0000] {subprocess.py:93} INFO - 26/01/12 07:48:47 WARN NativeCodeLoader: Unable to load native-hadoop library for your platform... using builtin-java classes where applicable
[2026-01-12T07:48:48.574+0000] {subprocess.py:93} INFO - 26/01/12 07:48:48 INFO ResourceUtils: ==============================================================
[2026-01-12T07:48:48.686+0000] {subprocess.py:93} INFO - 26/01/12 07:48:48 INFO ResourceUtils: No custom resources configured for spark.driver.
[2026-01-12T07:48:48.712+0000] {subprocess.py:93} INFO - 26/01/12 07:48:48 INFO ResourceUtils: ==============================================================
[2026-01-12T07:48:48.715+0000] {subprocess.py:93} INFO - 26/01/12 07:48:48 INFO SparkContext: Submitted application: SmartCityTrafficAnalysis
[2026-01-12T07:48:49.413+0000] {subprocess.py:93} INFO - 26/01/12 07:48:49 INFO ResourceProfile: Default ResourceProfile created, executor resources: Map(memory -> name: memory, amount: 2048, script: , vendor: , offHeap -> name: offHeap, amount: 0, script: , vendor: ), task resources: Map(cpus -> name: cpus, amount: 1.0)
[2026-01-12T07:48:49.701+0000] {subprocess.py:93} INFO - 26/01/12 07:48:49 INFO ResourceProfile: Limiting resource is cpu
[2026-01-12T07:48:49.702+0000] {subprocess.py:93} INFO - 26/01/12 07:48:49 INFO ResourceProfileManager: Added ResourceProfile id: 0
[2026-01-12T07:48:49.324+0000] {subprocess.py:93} INFO - 26/01/12 07:48:49 INFO SecurityManager: Changing view acls to: root
[2026-01-12T07:48:49.360+0000] {subprocess.py:93} INFO - 26/01/12 07:48:49 INFO SecurityManager: Changing modify acls to: root
[2026-01-12T07:48:49.362+0000] {subprocess.py:93} INFO - 26/01/12 07:48:49 INFO SecurityManager: Changing view acls groups to:
[2026-01-12T07:48:49.365+0000] {subprocess.py:93} INFO - 26/01/12 07:48:49 INFO SecurityManager: Changing modify acls groups to:
[2026-01-12T07:48:49.394+0000] {subprocess.py:93} INFO - 26/01/12 07:48:49 INFO SecurityManager: SecurityManager: authentication disabled; ui acls disabled; users with view permissions: root; groups with view permissions: EMPTY; users with modify permissions: root; groups with modify permissions: EMPTY
[2026-01-12T07:48:55.085+0000] {subprocess.py:93} INFO - 26/01/12 07:48:55 INFO Utils: Successfully started service 'sparkDriver' on port 44533.
[2026-01-12T07:48:55.481+0000] {subprocess.py:93} INFO - 26/01/12 07:48:55 INFO SparkEnv: Registering MapOutputTracker
[2026-01-12T07:48:56.170+0000] {subprocess.py:93} INFO - 26/01/12 07:48:56 INFO SparkEnv: Registering BlockManagerMaster
[2026-01-12T07:48:56.593+0000] {subprocess.py:93} INFO - 26/01/12 07:48:56 INFO BlockManagerMasterEndpoint: Using org.apache.spark.storage.DefaultTopologyMapper for getting topology information
[2026-01-12T07:48:56.622+0000] {subprocess.py:93} INFO - 26/01/12 07:48:56 INFO BlockManagerMasterEndpoint: BlockManagerMasterEndpoint up
[2026-01-12T07:48:56.677+0000] {subprocess.py:93} INFO - 26/01/12 07:48:56 INFO SparkEnv: Registering BlockManagerMasterHeartbeat
[2026-01-12T07:48:57.234+0000] {subprocess.py:93} INFO - 26/01/12 07:48:57 INFO DiskBlockManager: Created local directory at /tmp/blockmgr-b1d092b3-1b35-430f-874f-be2dfcd537b1
[2026-01-12T07:48:57.342+0000] {subprocess.py:93} INFO - 26/01/12 07:48:57 INFO MemoryStore: MemoryStore started with capacity 434.4 MiB
[2026-01-12T07:48:57.628+0000] {subprocess.py:93} INFO - 26/01/12 07:48:57 INFO SparkEnv: Registering OutputCommitCoordinator
[2026-01-12T07:48:59.172+0000] {subprocess.py:93} INFO - 26/01/12 07:48:59 INFO JettyUtils: Start Jetty 0.0.0.0:4040 for SparkUI
[2026-01-12T07:49:00.257+0000] {subprocess.py:93} INFO - 26/01/12 07:49:00 WARN Utils: Service 'SparkUI' could not bind on port 4040. Attempting port 4041.
[2026-01-12T07:49:00.696+0000] {subprocess.py:93} INFO - 26/01/12 07:49:00 INFO Utils: Successfully started service 'SparkUI' on port 4041.
[2026-01-12T07:49:03.840+0000] {subprocess.py:93} INFO - 26/01/12 07:49:03 INFO StandaloneAppClient$ClientEndpoint: Connecting to master spark://spark-master:7077...
[2026-01-12T07:49:04.630+0000] {subprocess.py:93} INFO - 26/01/12 07:49:04 INFO TransportClientFactory: Successfully created connection to spark-master/172.18.0.6:7077 after 544 ms (0 ms spent in bootstraps)
[2026-01-12T07:49:18.056+0000] {subprocess.py:93} INFO - 26/01/12 07:49:18 INFO StandaloneSchedulerBackend: Connected to Spark cluster with app ID app-20260112074918-0003
[2026-01-12T07:49:18.198+0000] {subprocess.py:93} INFO - 26/01/12 07:49:18 INFO Utils: Successfully started service 'org.apache.spark.network.netty.NettyBlockTransferService' on port 41689.
[2026-01-12T07:49:18.221+0000] {subprocess.py:93} INFO - 26/01/12 07:49:18 INFO NettyBlockTransferService: Server created on 41ba9fc1becf:41689
[2026-01-12T07:49:18.252+0000] {subprocess.py:93} INFO - 26/01/12 07:49:18 INFO BlockManager: Using org.apache.spark.storage.RandomBlockReplicationPolicy for block replication policy
[2026-01-12T07:49:18.370+0000] {subprocess.py:93} INFO - 26/01/12 07:49:18 INFO BlockManagerMaster: Registering BlockManager BlockManagerId(driver, 41ba9fc1becf, 41689, None)
[2026-01-12T07:49:18.424+0000] {subprocess.py:93} INFO - 26/01/12 07:49:18 INFO BlockManagerMasterEndpoint: Registering block manager 41ba9fc1becf:41689 with 434.4 MiB RAM, BlockManagerId(driver, 41ba9fc1becf, 41689, None)
[2026-01-12T07:49:18.449+0000] {subprocess.py:93} INFO - 26/01/12 07:49:18 INFO BlockManagerMaster: Registered BlockManager BlockManagerId(driver, 41ba9fc1becf, 41689, None)
[2026-01-12T07:49:18.497+0000] {subprocess.py:93} INFO - 26/01/12 07:49:18 INFO BlockManager: Initialized BlockManager: BlockManagerId(driver, 41ba9fc1becf, 41689, None)
[2026-01-12T07:49:20.626+0000] {subprocess.py:93} INFO - 26/01/12 07:49:20 INFO StandaloneSchedulerBackend: SchedulerBackend is ready for scheduling beginning after reached minRegisteredResourcesRatio: 0.0
[2026-01-12T07:49:24.015+0000] {subprocess.py:93} INFO - âœ… Spark Session crÃ©Ã©e : spark://spark-master:7077
[2026-01-12T07:49:24.016+0000] {subprocess.py:93} INFO - ðŸ“‚ Lecture depuis : hdfs://namenode:9000/user/hdfs/traffic/*/*/*/*/*.jsonl
[2026-01-12T07:50:14.385+0000] {subprocess.py:93} INFO - 26/01/12 07:50:14 WARN TaskSchedulerImpl: Initial job has not accepted any resources; check your cluster UI to ensure that workers are registered and have sufficient resources
[2026-01-12T07:50:29.362+0000] {subprocess.py:93} INFO - 26/01/12 07:50:29 WARN TaskSchedulerImpl: Initial job has not accepted any resources; check your cluster UI to ensure that workers are registered and have sufficient resources
[2026-01-12T07:50:44.368+0000] {subprocess.py:93} INFO - 26/01/12 07:50:44 WARN TaskSchedulerImpl: Initial job has not accepted any resources; check your cluster UI to ensure that workers are registered and have sufficient resources
[2026-01-12T07:50:59.367+0000] {subprocess.py:93} INFO - 26/01/12 07:50:59 WARN TaskSchedulerImpl: Initial job has not accepted any resources; check your cluster UI to ensure that workers are registered and have sufficient resources
[2026-01-12T07:51:14.365+0000] {subprocess.py:93} INFO - 26/01/12 07:51:14 WARN TaskSchedulerImpl: Initial job has not accepted any resources; check your cluster UI to ensure that workers are registered and have sufficient resources
[2026-01-12T07:51:29.373+0000] {subprocess.py:93} INFO - 26/01/12 07:51:29 WARN TaskSchedulerImpl: Initial job has not accepted any resources; check your cluster UI to ensure that workers are registered and have sufficient resources
[2026-01-12T07:53:07.783+0000] {job.py:218} ERROR - Job heartbeat got an exception
Traceback (most recent call last):
  File "/home/airflow/.local/lib/python3.12/site-packages/sqlalchemy/engine/base.py", line 3371, in _wrap_pool_connect
    return fn()
           ^^^^
  File "/home/airflow/.local/lib/python3.12/site-packages/sqlalchemy/pool/base.py", line 327, in connect
    return _ConnectionFairy._checkout(self)
           ^^^^^^^^^^^^^^^^^^^^^^^^^^^^^^^^
  File "/home/airflow/.local/lib/python3.12/site-packages/sqlalchemy/pool/base.py", line 894, in _checkout
    fairy = _ConnectionRecord.checkout(pool)
            ^^^^^^^^^^^^^^^^^^^^^^^^^^^^^^^^
  File "/home/airflow/.local/lib/python3.12/site-packages/sqlalchemy/pool/base.py", line 493, in checkout
    rec = pool._do_get()
          ^^^^^^^^^^^^^^
  File "/home/airflow/.local/lib/python3.12/site-packages/sqlalchemy/pool/impl.py", line 256, in _do_get
    return self._create_connection()
           ^^^^^^^^^^^^^^^^^^^^^^^^^
  File "/home/airflow/.local/lib/python3.12/site-packages/sqlalchemy/pool/base.py", line 273, in _create_connection
    return _ConnectionRecord(self)
           ^^^^^^^^^^^^^^^^^^^^^^^
  File "/home/airflow/.local/lib/python3.12/site-packages/sqlalchemy/pool/base.py", line 388, in __init__
    self.__connect()
  File "/home/airflow/.local/lib/python3.12/site-packages/sqlalchemy/pool/base.py", line 690, in __connect
    with util.safe_reraise():
  File "/home/airflow/.local/lib/python3.12/site-packages/sqlalchemy/util/langhelpers.py", line 70, in __exit__
    compat.raise_(
  File "/home/airflow/.local/lib/python3.12/site-packages/sqlalchemy/util/compat.py", line 211, in raise_
    raise exception
  File "/home/airflow/.local/lib/python3.12/site-packages/sqlalchemy/pool/base.py", line 686, in __connect
    self.dbapi_connection = connection = pool._invoke_creator(self)
                                         ^^^^^^^^^^^^^^^^^^^^^^^^^^
  File "/home/airflow/.local/lib/python3.12/site-packages/sqlalchemy/engine/create.py", line 574, in connect
    return dialect.connect(*cargs, **cparams)
           ^^^^^^^^^^^^^^^^^^^^^^^^^^^^^^^^^^
  File "/home/airflow/.local/lib/python3.12/site-packages/sqlalchemy/engine/default.py", line 598, in connect
    return self.dbapi.connect(*cargs, **cparams)
           ^^^^^^^^^^^^^^^^^^^^^^^^^^^^^^^^^^^^^
  File "/home/airflow/.local/lib/python3.12/site-packages/psycopg2/__init__.py", line 122, in connect
    conn = _connect(dsn, connection_factory=connection_factory, **kwasync)
           ^^^^^^^^^^^^^^^^^^^^^^^^^^^^^^^^^^^^^^^^^^^^^^^^^^^^^^^^^^^^^^^
psycopg2.OperationalError: could not translate host name "postgres" to address: Temporary failure in name resolution


The above exception was the direct cause of the following exception:

Traceback (most recent call last):
  File "/home/airflow/.local/lib/python3.12/site-packages/airflow/jobs/job.py", line 192, in heartbeat
    self._merge_from(Job._fetch_from_db(self, session))
                     ^^^^^^^^^^^^^^^^^^^^^^^^^^^^^^^^^
  File "/home/airflow/.local/lib/python3.12/site-packages/airflow/api_internal/internal_api_call.py", line 115, in wrapper
    return func(*args, **kwargs)
           ^^^^^^^^^^^^^^^^^^^^^
  File "/home/airflow/.local/lib/python3.12/site-packages/airflow/utils/session.py", line 76, in wrapper
    return func(*args, **kwargs)
           ^^^^^^^^^^^^^^^^^^^^^
  File "/home/airflow/.local/lib/python3.12/site-packages/airflow/utils/retries.py", line 89, in wrapped_function
    for attempt in run_with_db_retries(max_retries=retries, logger=logger, **retry_kwargs):
  File "/home/airflow/.local/lib/python3.12/site-packages/tenacity/__init__.py", line 443, in __iter__
    do = self.iter(retry_state=retry_state)
         ^^^^^^^^^^^^^^^^^^^^^^^^^^^^^^^^^^
  File "/home/airflow/.local/lib/python3.12/site-packages/tenacity/__init__.py", line 376, in iter
    result = action(retry_state)
             ^^^^^^^^^^^^^^^^^^^
  File "/home/airflow/.local/lib/python3.12/site-packages/tenacity/__init__.py", line 418, in exc_check
    raise retry_exc.reraise()
          ^^^^^^^^^^^^^^^^^^^
  File "/home/airflow/.local/lib/python3.12/site-packages/tenacity/__init__.py", line 185, in reraise
    raise self.last_attempt.result()
          ^^^^^^^^^^^^^^^^^^^^^^^^^^
  File "/usr/local/lib/python3.12/concurrent/futures/_base.py", line 449, in result
    return self.__get_result()
           ^^^^^^^^^^^^^^^^^^^
  File "/usr/local/lib/python3.12/concurrent/futures/_base.py", line 401, in __get_result
    raise self._exception
  File "/home/airflow/.local/lib/python3.12/site-packages/airflow/utils/retries.py", line 98, in wrapped_function
    return func(*args, **kwargs)
           ^^^^^^^^^^^^^^^^^^^^^
  File "/home/airflow/.local/lib/python3.12/site-packages/airflow/jobs/job.py", line 316, in _fetch_from_db
    session.merge(job)
  File "/home/airflow/.local/lib/python3.12/site-packages/sqlalchemy/orm/session.py", line 3056, in merge
    return self._merge(
           ^^^^^^^^^^^^
  File "/home/airflow/.local/lib/python3.12/site-packages/sqlalchemy/orm/session.py", line 3136, in _merge
    merged = self.get(
             ^^^^^^^^^
  File "/home/airflow/.local/lib/python3.12/site-packages/sqlalchemy/orm/session.py", line 2853, in get
    return self._get_impl(
           ^^^^^^^^^^^^^^^
  File "/home/airflow/.local/lib/python3.12/site-packages/sqlalchemy/orm/session.py", line 2975, in _get_impl
    return db_load_fn(
           ^^^^^^^^^^^
  File "/home/airflow/.local/lib/python3.12/site-packages/sqlalchemy/orm/loading.py", line 530, in load_on_pk_identity
    session.execute(
  File "/home/airflow/.local/lib/python3.12/site-packages/sqlalchemy/orm/session.py", line 1716, in execute
    conn = self._connection_for_bind(bind)
           ^^^^^^^^^^^^^^^^^^^^^^^^^^^^^^^
  File "/home/airflow/.local/lib/python3.12/site-packages/sqlalchemy/orm/session.py", line 1555, in _connection_for_bind
    return self._transaction._connection_for_bind(
           ^^^^^^^^^^^^^^^^^^^^^^^^^^^^^^^^^^^^^^^
  File "/home/airflow/.local/lib/python3.12/site-packages/sqlalchemy/orm/session.py", line 750, in _connection_for_bind
    conn = bind.connect()
           ^^^^^^^^^^^^^^
  File "/home/airflow/.local/lib/python3.12/site-packages/sqlalchemy/future/engine.py", line 412, in connect
    return super(Engine, self).connect()
           ^^^^^^^^^^^^^^^^^^^^^^^^^^^^^
  File "/home/airflow/.local/lib/python3.12/site-packages/sqlalchemy/engine/base.py", line 3325, in connect
    return self._connection_cls(self, close_with_result=close_with_result)
           ^^^^^^^^^^^^^^^^^^^^^^^^^^^^^^^^^^^^^^^^^^^^^^^^^^^^^^^^^^^^^^^
  File "/home/airflow/.local/lib/python3.12/site-packages/sqlalchemy/engine/base.py", line 96, in __init__
    else engine.raw_connection()
         ^^^^^^^^^^^^^^^^^^^^^^^
  File "/home/airflow/.local/lib/python3.12/site-packages/sqlalchemy/engine/base.py", line 3404, in raw_connection
    return self._wrap_pool_connect(self.pool.connect, _connection)
           ^^^^^^^^^^^^^^^^^^^^^^^^^^^^^^^^^^^^^^^^^^^^^^^^^^^^^^^
  File "/home/airflow/.local/lib/python3.12/site-packages/sqlalchemy/engine/base.py", line 3374, in _wrap_pool_connect
    Connection._handle_dbapi_exception_noconnection(
  File "/home/airflow/.local/lib/python3.12/site-packages/sqlalchemy/engine/base.py", line 2208, in _handle_dbapi_exception_noconnection
    util.raise_(
  File "/home/airflow/.local/lib/python3.12/site-packages/sqlalchemy/util/compat.py", line 211, in raise_
    raise exception
  File "/home/airflow/.local/lib/python3.12/site-packages/sqlalchemy/engine/base.py", line 3371, in _wrap_pool_connect
    return fn()
           ^^^^
  File "/home/airflow/.local/lib/python3.12/site-packages/sqlalchemy/pool/base.py", line 327, in connect
    return _ConnectionFairy._checkout(self)
           ^^^^^^^^^^^^^^^^^^^^^^^^^^^^^^^^
  File "/home/airflow/.local/lib/python3.12/site-packages/sqlalchemy/pool/base.py", line 894, in _checkout
    fairy = _ConnectionRecord.checkout(pool)
            ^^^^^^^^^^^^^^^^^^^^^^^^^^^^^^^^
  File "/home/airflow/.local/lib/python3.12/site-packages/sqlalchemy/pool/base.py", line 493, in checkout
    rec = pool._do_get()
          ^^^^^^^^^^^^^^
  File "/home/airflow/.local/lib/python3.12/site-packages/sqlalchemy/pool/impl.py", line 256, in _do_get
    return self._create_connection()
           ^^^^^^^^^^^^^^^^^^^^^^^^^
  File "/home/airflow/.local/lib/python3.12/site-packages/sqlalchemy/pool/base.py", line 273, in _create_connection
    return _ConnectionRecord(self)
           ^^^^^^^^^^^^^^^^^^^^^^^
  File "/home/airflow/.local/lib/python3.12/site-packages/sqlalchemy/pool/base.py", line 388, in __init__
    self.__connect()
  File "/home/airflow/.local/lib/python3.12/site-packages/sqlalchemy/pool/base.py", line 690, in __connect
    with util.safe_reraise():
  File "/home/airflow/.local/lib/python3.12/site-packages/sqlalchemy/util/langhelpers.py", line 70, in __exit__
    compat.raise_(
  File "/home/airflow/.local/lib/python3.12/site-packages/sqlalchemy/util/compat.py", line 211, in raise_
    raise exception
  File "/home/airflow/.local/lib/python3.12/site-packages/sqlalchemy/pool/base.py", line 686, in __connect
    self.dbapi_connection = connection = pool._invoke_creator(self)
                                         ^^^^^^^^^^^^^^^^^^^^^^^^^^
  File "/home/airflow/.local/lib/python3.12/site-packages/sqlalchemy/engine/create.py", line 574, in connect
    return dialect.connect(*cargs, **cparams)
           ^^^^^^^^^^^^^^^^^^^^^^^^^^^^^^^^^^
  File "/home/airflow/.local/lib/python3.12/site-packages/sqlalchemy/engine/default.py", line 598, in connect
    return self.dbapi.connect(*cargs, **cparams)
           ^^^^^^^^^^^^^^^^^^^^^^^^^^^^^^^^^^^^^
  File "/home/airflow/.local/lib/python3.12/site-packages/psycopg2/__init__.py", line 122, in connect
    conn = _connect(dsn, connection_factory=connection_factory, **kwasync)
           ^^^^^^^^^^^^^^^^^^^^^^^^^^^^^^^^^^^^^^^^^^^^^^^^^^^^^^^^^^^^^^^
sqlalchemy.exc.OperationalError: (psycopg2.OperationalError) could not translate host name "postgres" to address: Temporary failure in name resolution

(Background on this error at: https://sqlalche.me/e/14/e3q8)
[2026-01-12T07:53:56.372+0000] {job.py:226} ERROR - Job heartbeat failed with error. Scheduler is in unhealthy state
[2026-01-12T07:54:10.387+0000] {subprocess.py:93} INFO - 26/01/12 07:51:44 WARN TaskSchedulerImpl: Initial job has not accepted any resources; check your cluster UI to ensure that workers are registered and have sufficient resources
[2026-01-12T07:54:10.398+0000] {subprocess.py:93} INFO - 26/01/12 07:51:59 WARN TaskSchedulerImpl: Initial job has not accepted any resources; check your cluster UI to ensure that workers are registered and have sufficient resources
[2026-01-12T07:54:10.403+0000] {subprocess.py:93} INFO - 26/01/12 07:52:15 WARN TaskSchedulerImpl: Initial job has not accepted any resources; check your cluster UI to ensure that workers are registered and have sufficient resources
[2026-01-12T07:54:10.421+0000] {subprocess.py:93} INFO - 26/01/12 07:52:30 WARN TaskSchedulerImpl: Initial job has not accepted any resources; check your cluster UI to ensure that workers are registered and have sufficient resources
[2026-01-12T07:54:10.434+0000] {subprocess.py:93} INFO - 26/01/12 07:52:45 WARN TaskSchedulerImpl: Initial job has not accepted any resources; check your cluster UI to ensure that workers are registered and have sufficient resources
[2026-01-12T07:54:10.437+0000] {subprocess.py:93} INFO - 26/01/12 07:53:04 WARN TaskSchedulerImpl: Initial job has not accepted any resources; check your cluster UI to ensure that workers are registered and have sufficient resources
[2026-01-12T07:54:10.440+0000] {subprocess.py:93} INFO - 26/01/12 07:53:14 WARN TaskSchedulerImpl: Initial job has not accepted any resources; check your cluster UI to ensure that workers are registered and have sufficient resources
[2026-01-12T07:54:10.445+0000] {subprocess.py:93} INFO - 26/01/12 07:53:36 WARN TaskSchedulerImpl: Initial job has not accepted any resources; check your cluster UI to ensure that workers are registered and have sufficient resources
[2026-01-12T07:54:10.666+0000] {subprocess.py:93} INFO - 26/01/12 07:53:54 WARN TaskSchedulerImpl: Initial job has not accepted any resources; check your cluster UI to ensure that workers are registered and have sufficient resources
[2026-01-12T07:54:10.669+0000] {subprocess.py:93} INFO - 26/01/12 07:53:59 WARN TaskSchedulerImpl: Initial job has not accepted any resources; check your cluster UI to ensure that workers are registered and have sufficient resources
[2026-01-12T07:54:14.369+0000] {subprocess.py:93} INFO - 26/01/12 07:54:14 WARN TaskSchedulerImpl: Initial job has not accepted any resources; check your cluster UI to ensure that workers are registered and have sufficient resources
[2026-01-12T07:54:29.364+0000] {subprocess.py:93} INFO - 26/01/12 07:54:29 WARN TaskSchedulerImpl: Initial job has not accepted any resources; check your cluster UI to ensure that workers are registered and have sufficient resources
[2026-01-12T07:54:44.634+0000] {subprocess.py:93} INFO - 26/01/12 07:54:44 WARN TaskSchedulerImpl: Initial job has not accepted any resources; check your cluster UI to ensure that workers are registered and have sufficient resources
[2026-01-12T07:55:17.696+0000] {subprocess.py:93} INFO - 26/01/12 07:54:59 WARN TaskSchedulerImpl: Initial job has not accepted any resources; check your cluster UI to ensure that workers are registered and have sufficient resources
[2026-01-12T07:55:17.704+0000] {subprocess.py:93} INFO - 26/01/12 07:55:14 WARN TaskSchedulerImpl: Initial job has not accepted any resources; check your cluster UI to ensure that workers are registered and have sufficient resources
[2026-01-12T07:55:29.364+0000] {subprocess.py:93} INFO - 26/01/12 07:55:29 WARN TaskSchedulerImpl: Initial job has not accepted any resources; check your cluster UI to ensure that workers are registered and have sufficient resources
[2026-01-12T07:55:44.364+0000] {subprocess.py:93} INFO - 26/01/12 07:55:44 WARN TaskSchedulerImpl: Initial job has not accepted any resources; check your cluster UI to ensure that workers are registered and have sufficient resources
[2026-01-12T07:55:59.368+0000] {subprocess.py:93} INFO - 26/01/12 07:55:59 WARN TaskSchedulerImpl: Initial job has not accepted any resources; check your cluster UI to ensure that workers are registered and have sufficient resources
[2026-01-12T07:56:14.363+0000] {subprocess.py:93} INFO - 26/01/12 07:56:14 WARN TaskSchedulerImpl: Initial job has not accepted any resources; check your cluster UI to ensure that workers are registered and have sufficient resources
[2026-01-12T07:56:29.366+0000] {subprocess.py:93} INFO - 26/01/12 07:56:29 WARN TaskSchedulerImpl: Initial job has not accepted any resources; check your cluster UI to ensure that workers are registered and have sufficient resources
[2026-01-12T07:56:44.365+0000] {subprocess.py:93} INFO - 26/01/12 07:56:44 WARN TaskSchedulerImpl: Initial job has not accepted any resources; check your cluster UI to ensure that workers are registered and have sufficient resources
[2026-01-12T07:56:59.371+0000] {subprocess.py:93} INFO - 26/01/12 07:56:59 WARN TaskSchedulerImpl: Initial job has not accepted any resources; check your cluster UI to ensure that workers are registered and have sufficient resources
[2026-01-12T07:57:54.629+0000] {job.py:226} ERROR - Job heartbeat failed with error. Scheduler is in unhealthy state
[2026-01-12T07:58:30.124+0000] {job.py:226} ERROR - Job heartbeat failed with error. Scheduler is in unhealthy state
[2026-01-12T07:59:10.368+0000] {job.py:226} ERROR - Job heartbeat failed with error. Scheduler is in unhealthy state
[2026-01-12T07:59:55.757+0000] {job.py:226} ERROR - Job heartbeat failed with error. Scheduler is in unhealthy state
[2026-01-12T08:00:52.736+0000] {job.py:226} ERROR - Job heartbeat failed with error. Scheduler is in unhealthy state
[2026-01-12T08:01:38.606+0000] {job.py:226} ERROR - Job heartbeat failed with error. Scheduler is in unhealthy state
[2026-01-12T08:02:20.272+0000] {job.py:226} ERROR - Job heartbeat failed with error. Scheduler is in unhealthy state
[2026-01-12T08:02:20.366+0000] {local_task_job_runner.py:214} ERROR - Heartbeat time limit exceeded!
[2026-01-12T08:02:20.416+0000] {local_task_job_runner.py:222} INFO - ::endgroup::
[2026-01-12T08:02:20.681+0000] {process_utils.py:132} INFO - Sending 15 to group 264. PIDs of all processes in the group: [327, 418, 264]
[2026-01-12T08:02:20.755+0000] {process_utils.py:87} INFO - Sending the signal 15 to group 264
[2026-01-12T08:02:20.878+0000] {taskinstance.py:2611} ERROR - Received SIGTERM. Terminating subprocesses.
[2026-01-12T08:02:20.990+0000] {subprocess.py:104} INFO - Sending SIGTERM signal to process group
[2026-01-12T08:02:21.214+0000] {taskinstance.py:441} INFO - ::group::Post task execution logs
[2026-01-12T08:02:21.480+0000] {process_utils.py:80} INFO - Process psutil.Process(pid=418, status='terminated', started='07:48:21') (418) terminated with exit code None
[2026-01-12T08:07:31.508+0000] {standard_task_runner.py:110} ERROR - Failed to execute job 165 for task spark_processing ((psycopg2.OperationalError) could not translate host name "postgres" to address: Temporary failure in name resolution

(Background on this error at: https://sqlalche.me/e/14/e3q8); 264)
[2026-01-12T08:07:29.063+0000] {process_utils.py:150} WARNING - process psutil.Process(pid=264, name='airflow task ru', status='zombie', started='07:48:19') did not respond to SIGTERM. Trying SIGKILL
[2026-01-12T08:07:34.214+0000] {process_utils.py:150} WARNING - process psutil.Process(pid=327, status='terminated', started='07:48:20') did not respond to SIGTERM. Trying SIGKILL
[2026-01-12T08:07:34.227+0000] {process_utils.py:87} INFO - Sending the signal 9 to group 264
[2026-01-12T08:07:34.252+0000] {process_utils.py:80} INFO - Process psutil.Process(pid=264, name='airflow task ru', status='terminated', exitcode=1, started='07:48:19') (264) terminated with exit code 1
[2026-01-12T08:07:34.282+0000] {process_utils.py:80} INFO - Process psutil.Process(pid=327, status='terminated', started='07:48:20') (327) terminated with exit code None
