[2026-01-11T22:05:05.875+0000] {local_task_job_runner.py:120} INFO - ::group::Pre task execution logs
[2026-01-11T22:05:05.925+0000] {taskinstance.py:2076} INFO - Dependencies all met for dep_context=non-requeueable deps ti=<TaskInstance: traffic_pipeline.spark_processing scheduled__2026-01-11T21:00:00+00:00 [queued]>
[2026-01-11T22:05:05.971+0000] {taskinstance.py:2076} INFO - Dependencies all met for dep_context=requeueable deps ti=<TaskInstance: traffic_pipeline.spark_processing scheduled__2026-01-11T21:00:00+00:00 [queued]>
[2026-01-11T22:05:05.980+0000] {taskinstance.py:2306} INFO - Starting attempt 2 of 3
[2026-01-11T22:05:06.029+0000] {taskinstance.py:2330} INFO - Executing <Task(BashOperator): spark_processing> on 2026-01-11 21:00:00+00:00
[2026-01-11T22:05:06.045+0000] {standard_task_runner.py:90} INFO - Running: ['***', 'tasks', 'run', 'traffic_pipeline', 'spark_processing', 'scheduled__2026-01-11T21:00:00+00:00', '--job-id', '61', '--raw', '--subdir', 'DAGS_FOLDER/traffic_pipeline_dag.py', '--cfg-path', '/tmp/tmphn93rvy3']
[2026-01-11T22:05:06.051+0000] {standard_task_runner.py:91} INFO - Job 61: Subtask spark_processing
[2026-01-11T22:05:06.051+0000] {logging_mixin.py:188} WARNING - /home/***/.local/lib/python3.12/site-packages/***/task/task_runner/standard_task_runner.py:62 DeprecationWarning: This process (pid=4814) is multi-threaded, use of fork() may lead to deadlocks in the child.
[2026-01-11T22:05:06.052+0000] {standard_task_runner.py:64} INFO - Started process 4815 to run task
[2026-01-11T22:05:06.147+0000] {task_command.py:426} INFO - Running <TaskInstance: traffic_pipeline.spark_processing scheduled__2026-01-11T21:00:00+00:00 [running]> on host b4454463b3f2
[2026-01-11T22:05:06.338+0000] {taskinstance.py:2648} INFO - Exporting env vars: AIRFLOW_CTX_DAG_EMAIL='alertes@smartcity.local' AIRFLOW_CTX_DAG_OWNER='smartcity-team' AIRFLOW_CTX_DAG_ID='traffic_pipeline' AIRFLOW_CTX_TASK_ID='spark_processing' AIRFLOW_CTX_EXECUTION_DATE='2026-01-11T21:00:00+00:00' AIRFLOW_CTX_TRY_NUMBER='2' AIRFLOW_CTX_DAG_RUN_ID='scheduled__2026-01-11T21:00:00+00:00'
[2026-01-11T22:05:06.343+0000] {taskinstance.py:430} INFO - ::endgroup::
[2026-01-11T22:05:06.366+0000] {subprocess.py:63} INFO - Tmp dir root location: /tmp
[2026-01-11T22:05:06.368+0000] {subprocess.py:75} INFO - Running command: ['/usr/bin/bash', '-c', '\n            echo "üöÄ Lancement du job Spark..."\n            \n            # Copier le script si n√©cessaire\n            docker cp /opt/***/scripts/spark_traffic_processing.py spark-master:/tmp/ 2>/dev/null || true\n            \n            # Soumettre le job Spark\n            docker exec spark-master /opt/spark/bin/spark-submit                 --master spark://spark-master:7077                 --deploy-mode client                 --executor-memory 2g                 --total-executor-cores 2                 /tmp/spark_traffic_processing.py\n            \n            if [ $? -eq 0 ]; then\n                echo "‚úÖ Job Spark termin√© avec succ√®s"\n            else\n                echo "‚ùå Erreur lors du job Spark"\n                exit 1\n            fi\n        ']
[2026-01-11T22:05:06.383+0000] {subprocess.py:86} INFO - Output:
[2026-01-11T22:05:06.387+0000] {subprocess.py:93} INFO - üöÄ Lancement du job Spark...
[2026-01-11T22:05:06.467+0000] {subprocess.py:93} INFO - Cannot connect to the Docker daemon at unix:///var/run/docker.sock. Is the docker daemon running?
[2026-01-11T22:05:06.472+0000] {subprocess.py:93} INFO - ‚ùå Erreur lors du job Spark
[2026-01-11T22:05:06.474+0000] {subprocess.py:97} INFO - Command exited with return code 1
[2026-01-11T22:05:06.477+0000] {taskinstance.py:441} INFO - ::group::Post task execution logs
[2026-01-11T22:05:06.493+0000] {taskinstance.py:2905} ERROR - Task failed with exception
Traceback (most recent call last):
  File "/home/airflow/.local/lib/python3.12/site-packages/airflow/models/taskinstance.py", line 460, in _execute_task
    result = _execute_callable(context=context, **execute_callable_kwargs)
             ^^^^^^^^^^^^^^^^^^^^^^^^^^^^^^^^^^^^^^^^^^^^^^^^^^^^^^^^^^^^^
  File "/home/airflow/.local/lib/python3.12/site-packages/airflow/models/taskinstance.py", line 432, in _execute_callable
    return execute_callable(context=context, **execute_callable_kwargs)
           ^^^^^^^^^^^^^^^^^^^^^^^^^^^^^^^^^^^^^^^^^^^^^^^^^^^^^^^^^^^^
  File "/home/airflow/.local/lib/python3.12/site-packages/airflow/models/baseoperator.py", line 401, in wrapper
    return func(self, *args, **kwargs)
           ^^^^^^^^^^^^^^^^^^^^^^^^^^^
  File "/home/airflow/.local/lib/python3.12/site-packages/airflow/operators/bash.py", line 243, in execute
    raise AirflowException(
airflow.exceptions.AirflowException: Bash command failed. The command returned a non-zero exit code 1.
[2026-01-11T22:05:06.501+0000] {taskinstance.py:1206} INFO - Marking task as UP_FOR_RETRY. dag_id=traffic_pipeline, task_id=spark_processing, run_id=scheduled__2026-01-11T21:00:00+00:00, execution_date=20260111T210000, start_date=20260111T220505, end_date=20260111T220506
[2026-01-11T22:05:06.525+0000] {standard_task_runner.py:110} ERROR - Failed to execute job 61 for task spark_processing (Bash command failed. The command returned a non-zero exit code 1.; 4815)
[2026-01-11T22:05:06.554+0000] {local_task_job_runner.py:243} INFO - Task exited with return code 1
[2026-01-11T22:05:06.619+0000] {taskinstance.py:3503} INFO - 0 downstream tasks scheduled from follow-on schedule check
[2026-01-11T22:05:06.626+0000] {local_task_job_runner.py:222} INFO - ::endgroup::
