[2026-01-12T07:48:18.039+0000] {local_task_job_runner.py:120} INFO - ::group::Pre task execution logs
[2026-01-12T07:48:18.992+0000] {taskinstance.py:2076} INFO - Dependencies all met for dep_context=non-requeueable deps ti=<TaskInstance: traffic_pipeline.spark_processing manual__2026-01-12T00:01:12+00:00 [queued]>
[2026-01-12T07:48:19.385+0000] {taskinstance.py:2076} INFO - Dependencies all met for dep_context=requeueable deps ti=<TaskInstance: traffic_pipeline.spark_processing manual__2026-01-12T00:01:12+00:00 [queued]>
[2026-01-12T07:48:19.429+0000] {taskinstance.py:2306} INFO - Starting attempt 6 of 5
[2026-01-12T07:48:20.105+0000] {taskinstance.py:2330} INFO - Executing <Task(BashOperator): spark_processing> on 2026-01-12 00:01:12+00:00
[2026-01-12T07:48:20.226+0000] {standard_task_runner.py:90} INFO - Running: ['***', 'tasks', 'run', 'traffic_pipeline', 'spark_processing', 'manual__2026-01-12T00:01:12+00:00', '--job-id', '162', '--raw', '--subdir', 'DAGS_FOLDER/traffic_pipeline_dag.py', '--cfg-path', '/tmp/tmpdp53bau1']
[2026-01-12T07:48:20.313+0000] {standard_task_runner.py:91} INFO - Job 162: Subtask spark_processing
[2026-01-12T07:48:20.239+0000] {logging_mixin.py:188} WARNING - /home/***/.local/lib/python3.12/site-packages/***/task/task_runner/standard_task_runner.py:62 DeprecationWarning: This process (pid=236) is multi-threaded, use of fork() may lead to deadlocks in the child.
[2026-01-12T07:48:20.638+0000] {standard_task_runner.py:64} INFO - Started process 255 to run task
[2026-01-12T07:48:21.107+0000] {task_command.py:426} INFO - Running <TaskInstance: traffic_pipeline.spark_processing manual__2026-01-12T00:01:12+00:00 [running]> on host 62775b93545d
[2026-01-12T07:48:20.317+0000] {taskinstance.py:2648} INFO - Exporting env vars: AIRFLOW_CTX_DAG_EMAIL='alertes@smartcity.local' AIRFLOW_CTX_DAG_OWNER='smartcity-team' AIRFLOW_CTX_DAG_ID='traffic_pipeline' AIRFLOW_CTX_TASK_ID='spark_processing' AIRFLOW_CTX_EXECUTION_DATE='2026-01-12T00:01:12+00:00' AIRFLOW_CTX_TRY_NUMBER='6' AIRFLOW_CTX_DAG_RUN_ID='manual__2026-01-12T00:01:12+00:00'
[2026-01-12T07:48:20.350+0000] {taskinstance.py:430} INFO - ::endgroup::
[2026-01-12T07:48:20.425+0000] {subprocess.py:63} INFO - Tmp dir root location: /tmp
[2026-01-12T07:48:20.454+0000] {subprocess.py:75} INFO - Running command: ['/usr/bin/bash', '-c', '\n            echo "ðŸš€ Lancement du job Spark..."\n            \n            # Copier le script si nÃ©cessaire\n            docker cp /opt/***/scripts/spark_traffic_processing.py spark-master:/tmp/ 2>/dev/null || true\n            \n            # Soumettre le job Spark avec plus de mÃ©moire et timeout gÃ©rÃ©\n            docker exec spark-master /opt/spark/bin/spark-submit                 --master spark://spark-master:7077                 --deploy-mode client                 --executor-memory 2g                 --driver-memory 1g                 --total-executor-cores 2                 /tmp/spark_traffic_processing.py\n            \n            if [ $? -eq 0 ]; then\n                echo "âœ… Job Spark terminÃ© avec succÃ¨s"\n            else\n                echo "âŒ Erreur lors du job Spark"\n                exit 1\n            fi\n        ']
[2026-01-12T07:48:20.513+0000] {subprocess.py:86} INFO - Output:
[2026-01-12T07:48:20.545+0000] {subprocess.py:93} INFO - ðŸš€ Lancement du job Spark...
[2026-01-12T07:48:45.904+0000] {subprocess.py:93} INFO - ðŸš€ DÃ©marrage du job Spark : SmartCityTrafficAnalysis
[2026-01-12T07:48:47.257+0000] {subprocess.py:93} INFO - 26/01/12 07:48:47 INFO SparkContext: Running Spark version 3.5.1
[2026-01-12T07:48:47.352+0000] {subprocess.py:93} INFO - 26/01/12 07:48:47 INFO SparkContext: OS info Linux, 6.6.87.2-microsoft-standard-WSL2, amd64
[2026-01-12T07:48:47.354+0000] {subprocess.py:93} INFO - 26/01/12 07:48:47 INFO SparkContext: Java version 11.0.22
[2026-01-12T07:48:48.531+0000] {subprocess.py:93} INFO - 26/01/12 07:48:48 WARN NativeCodeLoader: Unable to load native-hadoop library for your platform... using builtin-java classes where applicable
[2026-01-12T07:48:49.589+0000] {subprocess.py:93} INFO - 26/01/12 07:48:49 INFO ResourceUtils: ==============================================================
[2026-01-12T07:48:49.605+0000] {subprocess.py:93} INFO - 26/01/12 07:48:49 INFO ResourceUtils: No custom resources configured for spark.driver.
[2026-01-12T07:48:49.607+0000] {subprocess.py:93} INFO - 26/01/12 07:48:49 INFO ResourceUtils: ==============================================================
[2026-01-12T07:48:49.612+0000] {subprocess.py:93} INFO - 26/01/12 07:48:49 INFO SparkContext: Submitted application: SmartCityTrafficAnalysis
[2026-01-12T07:48:49.700+0000] {subprocess.py:93} INFO - 26/01/12 07:48:49 INFO ResourceProfile: Default ResourceProfile created, executor resources: Map(memory -> name: memory, amount: 2048, script: , vendor: , offHeap -> name: offHeap, amount: 0, script: , vendor: ), task resources: Map(cpus -> name: cpus, amount: 1.0)
[2026-01-12T07:48:49.760+0000] {subprocess.py:93} INFO - 26/01/12 07:48:49 INFO ResourceProfile: Limiting resource is cpu
[2026-01-12T07:48:49.765+0000] {subprocess.py:93} INFO - 26/01/12 07:48:49 INFO ResourceProfileManager: Added ResourceProfile id: 0
[2026-01-12T07:48:48.525+0000] {subprocess.py:93} INFO - 26/01/12 07:48:48 INFO SecurityManager: Changing view acls to: root
[2026-01-12T07:48:48.531+0000] {subprocess.py:93} INFO - 26/01/12 07:48:48 INFO SecurityManager: Changing modify acls to: root
[2026-01-12T07:48:48.553+0000] {subprocess.py:93} INFO - 26/01/12 07:48:48 INFO SecurityManager: Changing view acls groups to:
[2026-01-12T07:48:48.555+0000] {subprocess.py:93} INFO - 26/01/12 07:48:48 INFO SecurityManager: Changing modify acls groups to:
[2026-01-12T07:48:48.570+0000] {subprocess.py:93} INFO - 26/01/12 07:48:48 INFO SecurityManager: SecurityManager: authentication disabled; ui acls disabled; users with view permissions: root; groups with view permissions: EMPTY; users with modify permissions: root; groups with modify permissions: EMPTY
[2026-01-12T07:48:52.545+0000] {subprocess.py:93} INFO - 26/01/12 07:48:52 INFO Utils: Successfully started service 'sparkDriver' on port 39829.
[2026-01-12T07:48:53.397+0000] {subprocess.py:93} INFO - 26/01/12 07:48:53 INFO SparkEnv: Registering MapOutputTracker
[2026-01-12T07:48:53.736+0000] {subprocess.py:93} INFO - 26/01/12 07:48:53 INFO SparkEnv: Registering BlockManagerMaster
[2026-01-12T07:48:53.812+0000] {subprocess.py:93} INFO - 26/01/12 07:48:53 INFO BlockManagerMasterEndpoint: Using org.apache.spark.storage.DefaultTopologyMapper for getting topology information
[2026-01-12T07:48:53.818+0000] {subprocess.py:93} INFO - 26/01/12 07:48:53 INFO BlockManagerMasterEndpoint: BlockManagerMasterEndpoint up
[2026-01-12T07:48:53.843+0000] {subprocess.py:93} INFO - 26/01/12 07:48:53 INFO SparkEnv: Registering BlockManagerMasterHeartbeat
[2026-01-12T07:48:54.910+0000] {subprocess.py:93} INFO - 26/01/12 07:48:54 INFO DiskBlockManager: Created local directory at /tmp/blockmgr-8610a93b-4d4a-4cf4-b02a-e5fd0c0b821b
[2026-01-12T07:48:55.214+0000] {subprocess.py:93} INFO - 26/01/12 07:48:55 INFO MemoryStore: MemoryStore started with capacity 434.4 MiB
[2026-01-12T07:48:55.944+0000] {subprocess.py:93} INFO - 26/01/12 07:48:55 INFO SparkEnv: Registering OutputCommitCoordinator
[2026-01-12T07:48:58.903+0000] {subprocess.py:93} INFO - 26/01/12 07:48:58 INFO JettyUtils: Start Jetty 0.0.0.0:4040 for SparkUI
[2026-01-12T07:49:01.164+0000] {subprocess.py:93} INFO - 26/01/12 07:49:01 WARN Utils: Service 'SparkUI' could not bind on port 4040. Attempting port 4041.
[2026-01-12T07:49:01.166+0000] {subprocess.py:93} INFO - 26/01/12 07:49:01 WARN Utils: Service 'SparkUI' could not bind on port 4041. Attempting port 4042.
[2026-01-12T07:49:01.167+0000] {subprocess.py:93} INFO - 26/01/12 07:49:01 WARN Utils: Service 'SparkUI' could not bind on port 4042. Attempting port 4043.
[2026-01-12T07:49:01.169+0000] {subprocess.py:93} INFO - 26/01/12 07:49:01 WARN Utils: Service 'SparkUI' could not bind on port 4043. Attempting port 4044.
[2026-01-12T07:49:01.171+0000] {subprocess.py:93} INFO - 26/01/12 07:49:01 WARN Utils: Service 'SparkUI' could not bind on port 4044. Attempting port 4045.
[2026-01-12T07:49:01.856+0000] {subprocess.py:93} INFO - 26/01/12 07:49:01 INFO Utils: Successfully started service 'SparkUI' on port 4045.
[2026-01-12T07:49:05.343+0000] {subprocess.py:93} INFO - 26/01/12 07:49:05 INFO StandaloneAppClient$ClientEndpoint: Connecting to master spark://spark-master:7077...
[2026-01-12T07:49:06.366+0000] {subprocess.py:93} INFO - 26/01/12 07:49:06 INFO TransportClientFactory: Successfully created connection to spark-master/172.18.0.6:7077 after 501 ms (0 ms spent in bootstraps)
[2026-01-12T07:49:18.029+0000] {subprocess.py:93} INFO - 26/01/12 07:49:18 INFO StandaloneSchedulerBackend: Connected to Spark cluster with app ID app-20260112074917-0001
[2026-01-12T07:49:18.128+0000] {subprocess.py:93} INFO - 26/01/12 07:49:18 INFO Utils: Successfully started service 'org.apache.spark.network.netty.NettyBlockTransferService' on port 38987.
[2026-01-12T07:49:18.132+0000] {subprocess.py:93} INFO - 26/01/12 07:49:18 INFO NettyBlockTransferService: Server created on 41ba9fc1becf:38987
[2026-01-12T07:49:18.139+0000] {subprocess.py:93} INFO - 26/01/12 07:49:18 INFO BlockManager: Using org.apache.spark.storage.RandomBlockReplicationPolicy for block replication policy
[2026-01-12T07:49:18.195+0000] {subprocess.py:93} INFO - 26/01/12 07:49:18 INFO BlockManagerMaster: Registering BlockManager BlockManagerId(driver, 41ba9fc1becf, 38987, None)
[2026-01-12T07:49:18.223+0000] {subprocess.py:93} INFO - 26/01/12 07:49:18 INFO BlockManagerMasterEndpoint: Registering block manager 41ba9fc1becf:38987 with 434.4 MiB RAM, BlockManagerId(driver, 41ba9fc1becf, 38987, None)
[2026-01-12T07:49:18.252+0000] {subprocess.py:93} INFO - 26/01/12 07:49:18 INFO BlockManagerMaster: Registered BlockManager BlockManagerId(driver, 41ba9fc1becf, 38987, None)
[2026-01-12T07:49:18.292+0000] {subprocess.py:93} INFO - 26/01/12 07:49:18 INFO BlockManager: Initialized BlockManager: BlockManagerId(driver, 41ba9fc1becf, 38987, None)
[2026-01-12T07:49:21.024+0000] {subprocess.py:93} INFO - 26/01/12 07:49:21 INFO StandaloneSchedulerBackend: SchedulerBackend is ready for scheduling beginning after reached minRegisteredResourcesRatio: 0.0
[2026-01-12T07:49:23.761+0000] {subprocess.py:93} INFO - âœ… Spark Session crÃ©Ã©e : spark://spark-master:7077
[2026-01-12T07:49:23.765+0000] {subprocess.py:93} INFO - ðŸ“‚ Lecture depuis : hdfs://namenode:9000/user/hdfs/traffic/*/*/*/*/*.jsonl
[2026-01-12T07:50:13.988+0000] {subprocess.py:93} INFO - 26/01/12 07:50:13 WARN TaskSchedulerImpl: Initial job has not accepted any resources; check your cluster UI to ensure that workers are registered and have sufficient resources
[2026-01-12T07:50:28.983+0000] {subprocess.py:93} INFO - 26/01/12 07:50:28 WARN TaskSchedulerImpl: Initial job has not accepted any resources; check your cluster UI to ensure that workers are registered and have sufficient resources
[2026-01-12T07:50:43.986+0000] {subprocess.py:93} INFO - 26/01/12 07:50:43 WARN TaskSchedulerImpl: Initial job has not accepted any resources; check your cluster UI to ensure that workers are registered and have sufficient resources
[2026-01-12T07:50:58.983+0000] {subprocess.py:93} INFO - 26/01/12 07:50:58 WARN TaskSchedulerImpl: Initial job has not accepted any resources; check your cluster UI to ensure that workers are registered and have sufficient resources
[2026-01-12T07:51:13.982+0000] {subprocess.py:93} INFO - 26/01/12 07:51:13 WARN TaskSchedulerImpl: Initial job has not accepted any resources; check your cluster UI to ensure that workers are registered and have sufficient resources
[2026-01-12T07:51:28.983+0000] {subprocess.py:93} INFO - 26/01/12 07:51:28 WARN TaskSchedulerImpl: Initial job has not accepted any resources; check your cluster UI to ensure that workers are registered and have sufficient resources
[2026-01-12T07:53:09.542+0000] {job.py:218} ERROR - Job heartbeat got an exception
Traceback (most recent call last):
  File "/home/airflow/.local/lib/python3.12/site-packages/sqlalchemy/engine/base.py", line 3371, in _wrap_pool_connect
    return fn()
           ^^^^
  File "/home/airflow/.local/lib/python3.12/site-packages/sqlalchemy/pool/base.py", line 327, in connect
    return _ConnectionFairy._checkout(self)
           ^^^^^^^^^^^^^^^^^^^^^^^^^^^^^^^^
  File "/home/airflow/.local/lib/python3.12/site-packages/sqlalchemy/pool/base.py", line 894, in _checkout
    fairy = _ConnectionRecord.checkout(pool)
            ^^^^^^^^^^^^^^^^^^^^^^^^^^^^^^^^
  File "/home/airflow/.local/lib/python3.12/site-packages/sqlalchemy/pool/base.py", line 493, in checkout
    rec = pool._do_get()
          ^^^^^^^^^^^^^^
  File "/home/airflow/.local/lib/python3.12/site-packages/sqlalchemy/pool/impl.py", line 256, in _do_get
    return self._create_connection()
           ^^^^^^^^^^^^^^^^^^^^^^^^^
  File "/home/airflow/.local/lib/python3.12/site-packages/sqlalchemy/pool/base.py", line 273, in _create_connection
    return _ConnectionRecord(self)
           ^^^^^^^^^^^^^^^^^^^^^^^
  File "/home/airflow/.local/lib/python3.12/site-packages/sqlalchemy/pool/base.py", line 388, in __init__
    self.__connect()
  File "/home/airflow/.local/lib/python3.12/site-packages/sqlalchemy/pool/base.py", line 690, in __connect
    with util.safe_reraise():
  File "/home/airflow/.local/lib/python3.12/site-packages/sqlalchemy/util/langhelpers.py", line 70, in __exit__
    compat.raise_(
  File "/home/airflow/.local/lib/python3.12/site-packages/sqlalchemy/util/compat.py", line 211, in raise_
    raise exception
  File "/home/airflow/.local/lib/python3.12/site-packages/sqlalchemy/pool/base.py", line 686, in __connect
    self.dbapi_connection = connection = pool._invoke_creator(self)
                                         ^^^^^^^^^^^^^^^^^^^^^^^^^^
  File "/home/airflow/.local/lib/python3.12/site-packages/sqlalchemy/engine/create.py", line 574, in connect
    return dialect.connect(*cargs, **cparams)
           ^^^^^^^^^^^^^^^^^^^^^^^^^^^^^^^^^^
  File "/home/airflow/.local/lib/python3.12/site-packages/sqlalchemy/engine/default.py", line 598, in connect
    return self.dbapi.connect(*cargs, **cparams)
           ^^^^^^^^^^^^^^^^^^^^^^^^^^^^^^^^^^^^^
  File "/home/airflow/.local/lib/python3.12/site-packages/psycopg2/__init__.py", line 122, in connect
    conn = _connect(dsn, connection_factory=connection_factory, **kwasync)
           ^^^^^^^^^^^^^^^^^^^^^^^^^^^^^^^^^^^^^^^^^^^^^^^^^^^^^^^^^^^^^^^
psycopg2.OperationalError: could not translate host name "postgres" to address: Temporary failure in name resolution


The above exception was the direct cause of the following exception:

Traceback (most recent call last):
  File "/home/airflow/.local/lib/python3.12/site-packages/airflow/jobs/job.py", line 192, in heartbeat
    self._merge_from(Job._fetch_from_db(self, session))
                     ^^^^^^^^^^^^^^^^^^^^^^^^^^^^^^^^^
  File "/home/airflow/.local/lib/python3.12/site-packages/airflow/api_internal/internal_api_call.py", line 115, in wrapper
    return func(*args, **kwargs)
           ^^^^^^^^^^^^^^^^^^^^^
  File "/home/airflow/.local/lib/python3.12/site-packages/airflow/utils/session.py", line 76, in wrapper
    return func(*args, **kwargs)
           ^^^^^^^^^^^^^^^^^^^^^
  File "/home/airflow/.local/lib/python3.12/site-packages/airflow/utils/retries.py", line 89, in wrapped_function
    for attempt in run_with_db_retries(max_retries=retries, logger=logger, **retry_kwargs):
  File "/home/airflow/.local/lib/python3.12/site-packages/tenacity/__init__.py", line 443, in __iter__
    do = self.iter(retry_state=retry_state)
         ^^^^^^^^^^^^^^^^^^^^^^^^^^^^^^^^^^
  File "/home/airflow/.local/lib/python3.12/site-packages/tenacity/__init__.py", line 376, in iter
    result = action(retry_state)
             ^^^^^^^^^^^^^^^^^^^
  File "/home/airflow/.local/lib/python3.12/site-packages/tenacity/__init__.py", line 418, in exc_check
    raise retry_exc.reraise()
          ^^^^^^^^^^^^^^^^^^^
  File "/home/airflow/.local/lib/python3.12/site-packages/tenacity/__init__.py", line 185, in reraise
    raise self.last_attempt.result()
          ^^^^^^^^^^^^^^^^^^^^^^^^^^
  File "/usr/local/lib/python3.12/concurrent/futures/_base.py", line 449, in result
    return self.__get_result()
           ^^^^^^^^^^^^^^^^^^^
  File "/usr/local/lib/python3.12/concurrent/futures/_base.py", line 401, in __get_result
    raise self._exception
  File "/home/airflow/.local/lib/python3.12/site-packages/airflow/utils/retries.py", line 98, in wrapped_function
    return func(*args, **kwargs)
           ^^^^^^^^^^^^^^^^^^^^^
  File "/home/airflow/.local/lib/python3.12/site-packages/airflow/jobs/job.py", line 316, in _fetch_from_db
    session.merge(job)
  File "/home/airflow/.local/lib/python3.12/site-packages/sqlalchemy/orm/session.py", line 3056, in merge
    return self._merge(
           ^^^^^^^^^^^^
  File "/home/airflow/.local/lib/python3.12/site-packages/sqlalchemy/orm/session.py", line 3136, in _merge
    merged = self.get(
             ^^^^^^^^^
  File "/home/airflow/.local/lib/python3.12/site-packages/sqlalchemy/orm/session.py", line 2853, in get
    return self._get_impl(
           ^^^^^^^^^^^^^^^
  File "/home/airflow/.local/lib/python3.12/site-packages/sqlalchemy/orm/session.py", line 2975, in _get_impl
    return db_load_fn(
           ^^^^^^^^^^^
  File "/home/airflow/.local/lib/python3.12/site-packages/sqlalchemy/orm/loading.py", line 530, in load_on_pk_identity
    session.execute(
  File "/home/airflow/.local/lib/python3.12/site-packages/sqlalchemy/orm/session.py", line 1716, in execute
    conn = self._connection_for_bind(bind)
           ^^^^^^^^^^^^^^^^^^^^^^^^^^^^^^^
  File "/home/airflow/.local/lib/python3.12/site-packages/sqlalchemy/orm/session.py", line 1555, in _connection_for_bind
    return self._transaction._connection_for_bind(
           ^^^^^^^^^^^^^^^^^^^^^^^^^^^^^^^^^^^^^^^
  File "/home/airflow/.local/lib/python3.12/site-packages/sqlalchemy/orm/session.py", line 750, in _connection_for_bind
    conn = bind.connect()
           ^^^^^^^^^^^^^^
  File "/home/airflow/.local/lib/python3.12/site-packages/sqlalchemy/future/engine.py", line 412, in connect
    return super(Engine, self).connect()
           ^^^^^^^^^^^^^^^^^^^^^^^^^^^^^
  File "/home/airflow/.local/lib/python3.12/site-packages/sqlalchemy/engine/base.py", line 3325, in connect
    return self._connection_cls(self, close_with_result=close_with_result)
           ^^^^^^^^^^^^^^^^^^^^^^^^^^^^^^^^^^^^^^^^^^^^^^^^^^^^^^^^^^^^^^^
  File "/home/airflow/.local/lib/python3.12/site-packages/sqlalchemy/engine/base.py", line 96, in __init__
    else engine.raw_connection()
         ^^^^^^^^^^^^^^^^^^^^^^^
  File "/home/airflow/.local/lib/python3.12/site-packages/sqlalchemy/engine/base.py", line 3404, in raw_connection
    return self._wrap_pool_connect(self.pool.connect, _connection)
           ^^^^^^^^^^^^^^^^^^^^^^^^^^^^^^^^^^^^^^^^^^^^^^^^^^^^^^^
  File "/home/airflow/.local/lib/python3.12/site-packages/sqlalchemy/engine/base.py", line 3374, in _wrap_pool_connect
    Connection._handle_dbapi_exception_noconnection(
  File "/home/airflow/.local/lib/python3.12/site-packages/sqlalchemy/engine/base.py", line 2208, in _handle_dbapi_exception_noconnection
    util.raise_(
  File "/home/airflow/.local/lib/python3.12/site-packages/sqlalchemy/util/compat.py", line 211, in raise_
    raise exception
  File "/home/airflow/.local/lib/python3.12/site-packages/sqlalchemy/engine/base.py", line 3371, in _wrap_pool_connect
    return fn()
           ^^^^
  File "/home/airflow/.local/lib/python3.12/site-packages/sqlalchemy/pool/base.py", line 327, in connect
    return _ConnectionFairy._checkout(self)
           ^^^^^^^^^^^^^^^^^^^^^^^^^^^^^^^^
  File "/home/airflow/.local/lib/python3.12/site-packages/sqlalchemy/pool/base.py", line 894, in _checkout
    fairy = _ConnectionRecord.checkout(pool)
            ^^^^^^^^^^^^^^^^^^^^^^^^^^^^^^^^
  File "/home/airflow/.local/lib/python3.12/site-packages/sqlalchemy/pool/base.py", line 493, in checkout
    rec = pool._do_get()
          ^^^^^^^^^^^^^^
  File "/home/airflow/.local/lib/python3.12/site-packages/sqlalchemy/pool/impl.py", line 256, in _do_get
    return self._create_connection()
           ^^^^^^^^^^^^^^^^^^^^^^^^^
  File "/home/airflow/.local/lib/python3.12/site-packages/sqlalchemy/pool/base.py", line 273, in _create_connection
    return _ConnectionRecord(self)
           ^^^^^^^^^^^^^^^^^^^^^^^
  File "/home/airflow/.local/lib/python3.12/site-packages/sqlalchemy/pool/base.py", line 388, in __init__
    self.__connect()
  File "/home/airflow/.local/lib/python3.12/site-packages/sqlalchemy/pool/base.py", line 690, in __connect
    with util.safe_reraise():
  File "/home/airflow/.local/lib/python3.12/site-packages/sqlalchemy/util/langhelpers.py", line 70, in __exit__
    compat.raise_(
  File "/home/airflow/.local/lib/python3.12/site-packages/sqlalchemy/util/compat.py", line 211, in raise_
    raise exception
  File "/home/airflow/.local/lib/python3.12/site-packages/sqlalchemy/pool/base.py", line 686, in __connect
    self.dbapi_connection = connection = pool._invoke_creator(self)
                                         ^^^^^^^^^^^^^^^^^^^^^^^^^^
  File "/home/airflow/.local/lib/python3.12/site-packages/sqlalchemy/engine/create.py", line 574, in connect
    return dialect.connect(*cargs, **cparams)
           ^^^^^^^^^^^^^^^^^^^^^^^^^^^^^^^^^^
  File "/home/airflow/.local/lib/python3.12/site-packages/sqlalchemy/engine/default.py", line 598, in connect
    return self.dbapi.connect(*cargs, **cparams)
           ^^^^^^^^^^^^^^^^^^^^^^^^^^^^^^^^^^^^^
  File "/home/airflow/.local/lib/python3.12/site-packages/psycopg2/__init__.py", line 122, in connect
    conn = _connect(dsn, connection_factory=connection_factory, **kwasync)
           ^^^^^^^^^^^^^^^^^^^^^^^^^^^^^^^^^^^^^^^^^^^^^^^^^^^^^^^^^^^^^^^
sqlalchemy.exc.OperationalError: (psycopg2.OperationalError) could not translate host name "postgres" to address: Temporary failure in name resolution

(Background on this error at: https://sqlalche.me/e/14/e3q8)
[2026-01-12T07:53:57.870+0000] {job.py:226} ERROR - Job heartbeat failed with error. Scheduler is in unhealthy state
[2026-01-12T07:54:10.385+0000] {subprocess.py:93} INFO - 26/01/12 07:51:43 WARN TaskSchedulerImpl: Initial job has not accepted any resources; check your cluster UI to ensure that workers are registered and have sufficient resources
[2026-01-12T07:54:10.401+0000] {subprocess.py:93} INFO - 26/01/12 07:51:58 WARN TaskSchedulerImpl: Initial job has not accepted any resources; check your cluster UI to ensure that workers are registered and have sufficient resources
[2026-01-12T07:54:10.405+0000] {subprocess.py:93} INFO - 26/01/12 07:52:19 WARN TaskSchedulerImpl: Initial job has not accepted any resources; check your cluster UI to ensure that workers are registered and have sufficient resources
[2026-01-12T07:54:10.409+0000] {subprocess.py:93} INFO - 26/01/12 07:53:02 WARN TaskSchedulerImpl: Initial job has not accepted any resources; check your cluster UI to ensure that workers are registered and have sufficient resources
[2026-01-12T07:54:10.413+0000] {subprocess.py:93} INFO - 26/01/12 07:53:12 WARN TaskSchedulerImpl: Initial job has not accepted any resources; check your cluster UI to ensure that workers are registered and have sufficient resources
[2026-01-12T07:54:10.417+0000] {subprocess.py:93} INFO - 26/01/12 07:53:15 WARN TaskSchedulerImpl: Initial job has not accepted any resources; check your cluster UI to ensure that workers are registered and have sufficient resources
[2026-01-12T07:54:10.419+0000] {subprocess.py:93} INFO - 26/01/12 07:53:50 WARN TaskSchedulerImpl: Initial job has not accepted any resources; check your cluster UI to ensure that workers are registered and have sufficient resources
[2026-01-12T07:54:10.422+0000] {subprocess.py:93} INFO - 26/01/12 07:53:53 WARN TaskSchedulerImpl: Initial job has not accepted any resources; check your cluster UI to ensure that workers are registered and have sufficient resources
[2026-01-12T07:54:10.436+0000] {subprocess.py:93} INFO - 26/01/12 07:53:55 WARN TaskSchedulerImpl: Initial job has not accepted any resources; check your cluster UI to ensure that workers are registered and have sufficient resources
[2026-01-12T07:54:10.448+0000] {subprocess.py:93} INFO - 26/01/12 07:53:58 WARN TaskSchedulerImpl: Initial job has not accepted any resources; check your cluster UI to ensure that workers are registered and have sufficient resources
[2026-01-12T07:54:13.984+0000] {subprocess.py:93} INFO - 26/01/12 07:54:13 WARN TaskSchedulerImpl: Initial job has not accepted any resources; check your cluster UI to ensure that workers are registered and have sufficient resources
[2026-01-12T07:54:29.055+0000] {subprocess.py:93} INFO - 26/01/12 07:54:28 WARN TaskSchedulerImpl: Initial job has not accepted any resources; check your cluster UI to ensure that workers are registered and have sufficient resources
[2026-01-12T07:54:44.634+0000] {subprocess.py:93} INFO - 26/01/12 07:54:43 WARN TaskSchedulerImpl: Initial job has not accepted any resources; check your cluster UI to ensure that workers are registered and have sufficient resources
[2026-01-12T07:55:17.694+0000] {subprocess.py:93} INFO - 26/01/12 07:54:58 WARN TaskSchedulerImpl: Initial job has not accepted any resources; check your cluster UI to ensure that workers are registered and have sufficient resources
[2026-01-12T07:55:17.703+0000] {subprocess.py:93} INFO - 26/01/12 07:55:13 WARN TaskSchedulerImpl: Initial job has not accepted any resources; check your cluster UI to ensure that workers are registered and have sufficient resources
[2026-01-12T07:56:37.648+0000] {subprocess.py:93} INFO - ðŸ“Š Lignes brutes lues : 12390
[2026-01-12T07:56:44.077+0000] {subprocess.py:93} INFO - ðŸ§¹ AprÃ¨s nettoyage : 12390 lignes
[2026-01-12T07:56:52.635+0000] {subprocess.py:93} INFO - ðŸ”„ AprÃ¨s dÃ©duplication : 12390 lignes
[2026-01-12T07:56:53.705+0000] {subprocess.py:93} INFO - ðŸ’¾ DataFrame mis en cache
[2026-01-12T07:56:53.710+0000] {subprocess.py:93} INFO - ðŸ“ˆ Calcul des KPIs...
[2026-01-12T07:56:53.884+0000] {subprocess.py:93} INFO - âœ… KPI 1 : Vitesse moyenne par road_type
[2026-01-12T07:57:54.217+0000] {job.py:226} ERROR - Job heartbeat failed with error. Scheduler is in unhealthy state
[2026-01-12T07:58:29.437+0000] {job.py:226} ERROR - Job heartbeat failed with error. Scheduler is in unhealthy state
[2026-01-12T07:59:10.368+0000] {job.py:226} ERROR - Job heartbeat failed with error. Scheduler is in unhealthy state
[2026-01-12T07:59:55.752+0000] {job.py:226} ERROR - Job heartbeat failed with error. Scheduler is in unhealthy state
[2026-01-12T08:00:52.736+0000] {job.py:226} ERROR - Job heartbeat failed with error. Scheduler is in unhealthy state
[2026-01-12T08:01:38.593+0000] {job.py:226} ERROR - Job heartbeat failed with error. Scheduler is in unhealthy state
[2026-01-12T08:02:20.144+0000] {job.py:226} ERROR - Job heartbeat failed with error. Scheduler is in unhealthy state
[2026-01-12T08:02:20.359+0000] {local_task_job_runner.py:214} ERROR - Heartbeat time limit exceeded!
[2026-01-12T08:02:20.401+0000] {local_task_job_runner.py:222} INFO - ::endgroup::
[2026-01-12T08:02:20.679+0000] {process_utils.py:132} INFO - Sending 15 to group 255. PIDs of all processes in the group: [282, 361, 255]
[2026-01-12T08:02:20.753+0000] {process_utils.py:87} INFO - Sending the signal 15 to group 255
[2026-01-12T08:02:20.935+0000] {taskinstance.py:2611} ERROR - Received SIGTERM. Terminating subprocesses.
[2026-01-12T08:02:20.990+0000] {subprocess.py:104} INFO - Sending SIGTERM signal to process group
[2026-01-12T08:02:21.209+0000] {taskinstance.py:441} INFO - ::group::Post task execution logs
[2026-01-12T08:02:21.526+0000] {process_utils.py:80} INFO - Process psutil.Process(pid=361, status='terminated', started='07:48:23') (361) terminated with exit code None
[2026-01-12T08:07:30.214+0000] {standard_task_runner.py:110} ERROR - Failed to execute job 162 for task spark_processing ((psycopg2.OperationalError) could not translate host name "postgres" to address: Temporary failure in name resolution

(Background on this error at: https://sqlalche.me/e/14/e3q8); 255)
[2026-01-12T08:07:29.208+0000] {process_utils.py:150} WARNING - process psutil.Process(pid=255, name='airflow task ru', status='zombie', started='07:48:20') did not respond to SIGTERM. Trying SIGKILL
[2026-01-12T08:07:34.046+0000] {process_utils.py:150} WARNING - process psutil.Process(pid=282, status='terminated', started='07:48:22') did not respond to SIGTERM. Trying SIGKILL
[2026-01-12T08:07:34.073+0000] {process_utils.py:87} INFO - Sending the signal 9 to group 255
[2026-01-12T08:07:34.122+0000] {process_utils.py:80} INFO - Process psutil.Process(pid=255, name='airflow task ru', status='terminated', exitcode=1, started='07:48:20') (255) terminated with exit code 1
[2026-01-12T08:07:34.155+0000] {process_utils.py:80} INFO - Process psutil.Process(pid=282, status='terminated', started='07:48:22') (282) terminated with exit code None
