[2026-01-12T08:07:49.728+0000] {local_task_job_runner.py:120} INFO - ::group::Pre task execution logs
[2026-01-12T08:07:49.812+0000] {taskinstance.py:2076} INFO - Dependencies all met for dep_context=non-requeueable deps ti=<TaskInstance: traffic_pipeline.spark_processing manual__2026-01-12T07:58:52.756145+00:00 [queued]>
[2026-01-12T08:07:49.835+0000] {taskinstance.py:2076} INFO - Dependencies all met for dep_context=requeueable deps ti=<TaskInstance: traffic_pipeline.spark_processing manual__2026-01-12T07:58:52.756145+00:00 [queued]>
[2026-01-12T08:07:49.838+0000] {taskinstance.py:2306} INFO - Starting attempt 1 of 3
[2026-01-12T08:07:49.874+0000] {taskinstance.py:2330} INFO - Executing <Task(BashOperator): spark_processing> on 2026-01-12 07:58:52.756145+00:00
[2026-01-12T08:07:49.897+0000] {logging_mixin.py:188} WARNING - /home/***/.local/lib/python3.12/site-packages/***/task/task_runner/standard_task_runner.py:62 DeprecationWarning: This process (pid=671) is multi-threaded, use of fork() may lead to deadlocks in the child.
[2026-01-12T08:07:49.901+0000] {standard_task_runner.py:64} INFO - Started process 673 to run task
[2026-01-12T08:07:49.895+0000] {standard_task_runner.py:90} INFO - Running: ['***', 'tasks', 'run', 'traffic_pipeline', 'spark_processing', 'manual__2026-01-12T07:58:52.756145+00:00', '--job-id', '177', '--raw', '--subdir', 'DAGS_FOLDER/traffic_pipeline_dag.py', '--cfg-path', '/tmp/tmpb5942g_e']
[2026-01-12T08:07:49.905+0000] {standard_task_runner.py:91} INFO - Job 177: Subtask spark_processing
[2026-01-12T08:07:50.118+0000] {task_command.py:426} INFO - Running <TaskInstance: traffic_pipeline.spark_processing manual__2026-01-12T07:58:52.756145+00:00 [running]> on host 62775b93545d
[2026-01-12T08:07:50.381+0000] {taskinstance.py:2648} INFO - Exporting env vars: AIRFLOW_CTX_DAG_EMAIL='alertes@smartcity.local' AIRFLOW_CTX_DAG_OWNER='smartcity-team' AIRFLOW_CTX_DAG_ID='traffic_pipeline' AIRFLOW_CTX_TASK_ID='spark_processing' AIRFLOW_CTX_EXECUTION_DATE='2026-01-12T07:58:52.756145+00:00' AIRFLOW_CTX_TRY_NUMBER='1' AIRFLOW_CTX_DAG_RUN_ID='manual__2026-01-12T07:58:52.756145+00:00'
[2026-01-12T08:07:50.384+0000] {taskinstance.py:430} INFO - ::endgroup::
[2026-01-12T08:07:50.416+0000] {subprocess.py:63} INFO - Tmp dir root location: /tmp
[2026-01-12T08:07:50.422+0000] {subprocess.py:75} INFO - Running command: ['/usr/bin/bash', '-c', '\n            echo "üöÄ Lancement du job Spark..."\n            \n            # Copier le script si n√©cessaire\n            docker cp /opt/***/scripts/spark_traffic_processing.py spark-master:/tmp/ 2>/dev/null || true\n            \n            # Soumettre le job Spark avec plus de m√©moire et timeout g√©r√©\n            docker exec spark-master /opt/spark/bin/spark-submit                 --master spark://spark-master:7077                 --deploy-mode client                 --executor-memory 2g                 --driver-memory 1g                 --total-executor-cores 2                 /tmp/spark_traffic_processing.py\n            \n            if [ $? -eq 0 ]; then\n                echo "‚úÖ Job Spark termin√© avec succ√®s"\n            else\n                echo "‚ùå Erreur lors du job Spark"\n                exit 1\n            fi\n        ']
[2026-01-12T08:07:50.443+0000] {subprocess.py:86} INFO - Output:
[2026-01-12T08:07:50.446+0000] {subprocess.py:93} INFO - üöÄ Lancement du job Spark...
[2026-01-12T08:07:58.155+0000] {subprocess.py:93} INFO - üöÄ D√©marrage du job Spark : SmartCityTrafficAnalysis
[2026-01-12T08:07:58.438+0000] {subprocess.py:93} INFO - 26/01/12 08:07:58 INFO SparkContext: Running Spark version 3.5.1
[2026-01-12T08:07:58.444+0000] {subprocess.py:93} INFO - 26/01/12 08:07:58 INFO SparkContext: OS info Linux, 6.6.87.2-microsoft-standard-WSL2, amd64
[2026-01-12T08:07:58.452+0000] {subprocess.py:93} INFO - 26/01/12 08:07:58 INFO SparkContext: Java version 11.0.22
[2026-01-12T08:07:58.660+0000] {subprocess.py:93} INFO - 26/01/12 08:07:58 WARN NativeCodeLoader: Unable to load native-hadoop library for your platform... using builtin-java classes where applicable
[2026-01-12T08:07:58.950+0000] {subprocess.py:93} INFO - 26/01/12 08:07:58 INFO ResourceUtils: ==============================================================
[2026-01-12T08:07:58.952+0000] {subprocess.py:93} INFO - 26/01/12 08:07:58 INFO ResourceUtils: No custom resources configured for spark.driver.
[2026-01-12T08:07:58.954+0000] {subprocess.py:93} INFO - 26/01/12 08:07:58 INFO ResourceUtils: ==============================================================
[2026-01-12T08:07:58.956+0000] {subprocess.py:93} INFO - 26/01/12 08:07:58 INFO SparkContext: Submitted application: SmartCityTrafficAnalysis
[2026-01-12T08:07:59.019+0000] {subprocess.py:93} INFO - 26/01/12 08:07:59 INFO ResourceProfile: Default ResourceProfile created, executor resources: Map(memory -> name: memory, amount: 2048, script: , vendor: , offHeap -> name: offHeap, amount: 0, script: , vendor: ), task resources: Map(cpus -> name: cpus, amount: 1.0)
[2026-01-12T08:07:59.040+0000] {subprocess.py:93} INFO - 26/01/12 08:07:59 INFO ResourceProfile: Limiting resource is cpu
[2026-01-12T08:07:59.042+0000] {subprocess.py:93} INFO - 26/01/12 08:07:59 INFO ResourceProfileManager: Added ResourceProfile id: 0
[2026-01-12T08:07:59.257+0000] {subprocess.py:93} INFO - 26/01/12 08:07:59 INFO SecurityManager: Changing view acls to: root
[2026-01-12T08:07:59.262+0000] {subprocess.py:93} INFO - 26/01/12 08:07:59 INFO SecurityManager: Changing modify acls to: root
[2026-01-12T08:07:59.264+0000] {subprocess.py:93} INFO - 26/01/12 08:07:59 INFO SecurityManager: Changing view acls groups to:
[2026-01-12T08:07:59.272+0000] {subprocess.py:93} INFO - 26/01/12 08:07:59 INFO SecurityManager: Changing modify acls groups to:
[2026-01-12T08:07:59.275+0000] {subprocess.py:93} INFO - 26/01/12 08:07:59 INFO SecurityManager: SecurityManager: authentication disabled; ui acls disabled; users with view permissions: root; groups with view permissions: EMPTY; users with modify permissions: root; groups with modify permissions: EMPTY
[2026-01-12T08:08:00.141+0000] {subprocess.py:93} INFO - 26/01/12 08:08:00 INFO Utils: Successfully started service 'sparkDriver' on port 41763.
[2026-01-12T08:08:00.285+0000] {subprocess.py:93} INFO - 26/01/12 08:08:00 INFO SparkEnv: Registering MapOutputTracker
[2026-01-12T08:08:00.444+0000] {subprocess.py:93} INFO - 26/01/12 08:08:00 INFO SparkEnv: Registering BlockManagerMaster
[2026-01-12T08:08:00.515+0000] {subprocess.py:93} INFO - 26/01/12 08:08:00 INFO BlockManagerMasterEndpoint: Using org.apache.spark.storage.DefaultTopologyMapper for getting topology information
[2026-01-12T08:08:00.517+0000] {subprocess.py:93} INFO - 26/01/12 08:08:00 INFO BlockManagerMasterEndpoint: BlockManagerMasterEndpoint up
[2026-01-12T08:08:00.530+0000] {subprocess.py:93} INFO - 26/01/12 08:08:00 INFO SparkEnv: Registering BlockManagerMasterHeartbeat
[2026-01-12T08:08:00.644+0000] {subprocess.py:93} INFO - 26/01/12 08:08:00 INFO DiskBlockManager: Created local directory at /tmp/blockmgr-a1e37190-ac04-469c-ab29-bfa00a437b4a
[2026-01-12T08:08:00.701+0000] {subprocess.py:93} INFO - 26/01/12 08:08:00 INFO MemoryStore: MemoryStore started with capacity 434.4 MiB
[2026-01-12T08:08:00.773+0000] {subprocess.py:93} INFO - 26/01/12 08:08:00 INFO SparkEnv: Registering OutputCommitCoordinator
[2026-01-12T08:08:01.333+0000] {subprocess.py:93} INFO - 26/01/12 08:08:01 INFO JettyUtils: Start Jetty 0.0.0.0:4040 for SparkUI
[2026-01-12T08:08:01.562+0000] {subprocess.py:93} INFO - 26/01/12 08:08:01 INFO Utils: Successfully started service 'SparkUI' on port 4040.
[2026-01-12T08:08:01.991+0000] {subprocess.py:93} INFO - 26/01/12 08:08:01 INFO StandaloneAppClient$ClientEndpoint: Connecting to master spark://spark-master:7077...
[2026-01-12T08:08:02.155+0000] {subprocess.py:93} INFO - 26/01/12 08:08:02 INFO TransportClientFactory: Successfully created connection to spark-master/172.18.0.6:7077 after 89 ms (0 ms spent in bootstraps)
[2026-01-12T08:08:02.469+0000] {subprocess.py:93} INFO - 26/01/12 08:08:02 INFO StandaloneSchedulerBackend: Connected to Spark cluster with app ID app-20260112080802-0011
[2026-01-12T08:08:02.501+0000] {subprocess.py:93} INFO - 26/01/12 08:08:02 INFO Utils: Successfully started service 'org.apache.spark.network.netty.NettyBlockTransferService' on port 33707.
[2026-01-12T08:08:02.503+0000] {subprocess.py:93} INFO - 26/01/12 08:08:02 INFO NettyBlockTransferService: Server created on 41ba9fc1becf:33707
[2026-01-12T08:08:02.508+0000] {subprocess.py:93} INFO - 26/01/12 08:08:02 INFO BlockManager: Using org.apache.spark.storage.RandomBlockReplicationPolicy for block replication policy
[2026-01-12T08:08:02.526+0000] {subprocess.py:93} INFO - 26/01/12 08:08:02 INFO BlockManagerMaster: Registering BlockManager BlockManagerId(driver, 41ba9fc1becf, 33707, None)
[2026-01-12T08:08:02.534+0000] {subprocess.py:93} INFO - 26/01/12 08:08:02 INFO BlockManagerMasterEndpoint: Registering block manager 41ba9fc1becf:33707 with 434.4 MiB RAM, BlockManagerId(driver, 41ba9fc1becf, 33707, None)
[2026-01-12T08:08:02.550+0000] {subprocess.py:93} INFO - 26/01/12 08:08:02 INFO BlockManagerMaster: Registered BlockManager BlockManagerId(driver, 41ba9fc1becf, 33707, None)
[2026-01-12T08:08:02.556+0000] {subprocess.py:93} INFO - 26/01/12 08:08:02 INFO BlockManager: Initialized BlockManager: BlockManagerId(driver, 41ba9fc1becf, 33707, None)
[2026-01-12T08:08:03.205+0000] {subprocess.py:93} INFO - 26/01/12 08:08:03 INFO StandaloneSchedulerBackend: SchedulerBackend is ready for scheduling beginning after reached minRegisteredResourcesRatio: 0.0
[2026-01-12T08:08:03.982+0000] {subprocess.py:93} INFO - ‚úÖ Spark Session cr√©√©e : spark://spark-master:7077
[2026-01-12T08:08:03.985+0000] {subprocess.py:93} INFO - üìÇ Lecture depuis : hdfs://namenode:9000/user/hdfs/traffic/*/*/*/*/*.jsonl
[2026-01-12T08:08:52.345+0000] {job.py:218} ERROR - Job heartbeat got an exception
Traceback (most recent call last):
  File "/home/airflow/.local/lib/python3.12/site-packages/sqlalchemy/engine/base.py", line 3371, in _wrap_pool_connect
    return fn()
           ^^^^
  File "/home/airflow/.local/lib/python3.12/site-packages/sqlalchemy/pool/base.py", line 327, in connect
    return _ConnectionFairy._checkout(self)
           ^^^^^^^^^^^^^^^^^^^^^^^^^^^^^^^^
  File "/home/airflow/.local/lib/python3.12/site-packages/sqlalchemy/pool/base.py", line 894, in _checkout
    fairy = _ConnectionRecord.checkout(pool)
            ^^^^^^^^^^^^^^^^^^^^^^^^^^^^^^^^
  File "/home/airflow/.local/lib/python3.12/site-packages/sqlalchemy/pool/base.py", line 493, in checkout
    rec = pool._do_get()
          ^^^^^^^^^^^^^^
  File "/home/airflow/.local/lib/python3.12/site-packages/sqlalchemy/pool/impl.py", line 256, in _do_get
    return self._create_connection()
           ^^^^^^^^^^^^^^^^^^^^^^^^^
  File "/home/airflow/.local/lib/python3.12/site-packages/sqlalchemy/pool/base.py", line 273, in _create_connection
    return _ConnectionRecord(self)
           ^^^^^^^^^^^^^^^^^^^^^^^
  File "/home/airflow/.local/lib/python3.12/site-packages/sqlalchemy/pool/base.py", line 388, in __init__
    self.__connect()
  File "/home/airflow/.local/lib/python3.12/site-packages/sqlalchemy/pool/base.py", line 690, in __connect
    with util.safe_reraise():
  File "/home/airflow/.local/lib/python3.12/site-packages/sqlalchemy/util/langhelpers.py", line 70, in __exit__
    compat.raise_(
  File "/home/airflow/.local/lib/python3.12/site-packages/sqlalchemy/util/compat.py", line 211, in raise_
    raise exception
  File "/home/airflow/.local/lib/python3.12/site-packages/sqlalchemy/pool/base.py", line 686, in __connect
    self.dbapi_connection = connection = pool._invoke_creator(self)
                                         ^^^^^^^^^^^^^^^^^^^^^^^^^^
  File "/home/airflow/.local/lib/python3.12/site-packages/sqlalchemy/engine/create.py", line 574, in connect
    return dialect.connect(*cargs, **cparams)
           ^^^^^^^^^^^^^^^^^^^^^^^^^^^^^^^^^^
  File "/home/airflow/.local/lib/python3.12/site-packages/sqlalchemy/engine/default.py", line 598, in connect
    return self.dbapi.connect(*cargs, **cparams)
           ^^^^^^^^^^^^^^^^^^^^^^^^^^^^^^^^^^^^^
  File "/home/airflow/.local/lib/python3.12/site-packages/psycopg2/__init__.py", line 122, in connect
    conn = _connect(dsn, connection_factory=connection_factory, **kwasync)
           ^^^^^^^^^^^^^^^^^^^^^^^^^^^^^^^^^^^^^^^^^^^^^^^^^^^^^^^^^^^^^^^
psycopg2.OperationalError: could not translate host name "postgres" to address: Temporary failure in name resolution


The above exception was the direct cause of the following exception:

Traceback (most recent call last):
  File "/home/airflow/.local/lib/python3.12/site-packages/airflow/jobs/job.py", line 192, in heartbeat
    self._merge_from(Job._fetch_from_db(self, session))
                     ^^^^^^^^^^^^^^^^^^^^^^^^^^^^^^^^^
  File "/home/airflow/.local/lib/python3.12/site-packages/airflow/api_internal/internal_api_call.py", line 115, in wrapper
    return func(*args, **kwargs)
           ^^^^^^^^^^^^^^^^^^^^^
  File "/home/airflow/.local/lib/python3.12/site-packages/airflow/utils/session.py", line 76, in wrapper
    return func(*args, **kwargs)
           ^^^^^^^^^^^^^^^^^^^^^
  File "/home/airflow/.local/lib/python3.12/site-packages/airflow/utils/retries.py", line 89, in wrapped_function
    for attempt in run_with_db_retries(max_retries=retries, logger=logger, **retry_kwargs):
  File "/home/airflow/.local/lib/python3.12/site-packages/tenacity/__init__.py", line 443, in __iter__
    do = self.iter(retry_state=retry_state)
         ^^^^^^^^^^^^^^^^^^^^^^^^^^^^^^^^^^
  File "/home/airflow/.local/lib/python3.12/site-packages/tenacity/__init__.py", line 376, in iter
    result = action(retry_state)
             ^^^^^^^^^^^^^^^^^^^
  File "/home/airflow/.local/lib/python3.12/site-packages/tenacity/__init__.py", line 418, in exc_check
    raise retry_exc.reraise()
          ^^^^^^^^^^^^^^^^^^^
  File "/home/airflow/.local/lib/python3.12/site-packages/tenacity/__init__.py", line 185, in reraise
    raise self.last_attempt.result()
          ^^^^^^^^^^^^^^^^^^^^^^^^^^
  File "/usr/local/lib/python3.12/concurrent/futures/_base.py", line 449, in result
    return self.__get_result()
           ^^^^^^^^^^^^^^^^^^^
  File "/usr/local/lib/python3.12/concurrent/futures/_base.py", line 401, in __get_result
    raise self._exception
  File "/home/airflow/.local/lib/python3.12/site-packages/airflow/utils/retries.py", line 98, in wrapped_function
    return func(*args, **kwargs)
           ^^^^^^^^^^^^^^^^^^^^^
  File "/home/airflow/.local/lib/python3.12/site-packages/airflow/jobs/job.py", line 316, in _fetch_from_db
    session.merge(job)
  File "/home/airflow/.local/lib/python3.12/site-packages/sqlalchemy/orm/session.py", line 3056, in merge
    return self._merge(
           ^^^^^^^^^^^^
  File "/home/airflow/.local/lib/python3.12/site-packages/sqlalchemy/orm/session.py", line 3136, in _merge
    merged = self.get(
             ^^^^^^^^^
  File "/home/airflow/.local/lib/python3.12/site-packages/sqlalchemy/orm/session.py", line 2853, in get
    return self._get_impl(
           ^^^^^^^^^^^^^^^
  File "/home/airflow/.local/lib/python3.12/site-packages/sqlalchemy/orm/session.py", line 2975, in _get_impl
    return db_load_fn(
           ^^^^^^^^^^^
  File "/home/airflow/.local/lib/python3.12/site-packages/sqlalchemy/orm/loading.py", line 530, in load_on_pk_identity
    session.execute(
  File "/home/airflow/.local/lib/python3.12/site-packages/sqlalchemy/orm/session.py", line 1716, in execute
    conn = self._connection_for_bind(bind)
           ^^^^^^^^^^^^^^^^^^^^^^^^^^^^^^^
  File "/home/airflow/.local/lib/python3.12/site-packages/sqlalchemy/orm/session.py", line 1555, in _connection_for_bind
    return self._transaction._connection_for_bind(
           ^^^^^^^^^^^^^^^^^^^^^^^^^^^^^^^^^^^^^^^
  File "/home/airflow/.local/lib/python3.12/site-packages/sqlalchemy/orm/session.py", line 750, in _connection_for_bind
    conn = bind.connect()
           ^^^^^^^^^^^^^^
  File "/home/airflow/.local/lib/python3.12/site-packages/sqlalchemy/future/engine.py", line 412, in connect
    return super(Engine, self).connect()
           ^^^^^^^^^^^^^^^^^^^^^^^^^^^^^
  File "/home/airflow/.local/lib/python3.12/site-packages/sqlalchemy/engine/base.py", line 3325, in connect
    return self._connection_cls(self, close_with_result=close_with_result)
           ^^^^^^^^^^^^^^^^^^^^^^^^^^^^^^^^^^^^^^^^^^^^^^^^^^^^^^^^^^^^^^^
  File "/home/airflow/.local/lib/python3.12/site-packages/sqlalchemy/engine/base.py", line 96, in __init__
    else engine.raw_connection()
         ^^^^^^^^^^^^^^^^^^^^^^^
  File "/home/airflow/.local/lib/python3.12/site-packages/sqlalchemy/engine/base.py", line 3404, in raw_connection
    return self._wrap_pool_connect(self.pool.connect, _connection)
           ^^^^^^^^^^^^^^^^^^^^^^^^^^^^^^^^^^^^^^^^^^^^^^^^^^^^^^^
  File "/home/airflow/.local/lib/python3.12/site-packages/sqlalchemy/engine/base.py", line 3374, in _wrap_pool_connect
    Connection._handle_dbapi_exception_noconnection(
  File "/home/airflow/.local/lib/python3.12/site-packages/sqlalchemy/engine/base.py", line 2208, in _handle_dbapi_exception_noconnection
    util.raise_(
  File "/home/airflow/.local/lib/python3.12/site-packages/sqlalchemy/util/compat.py", line 211, in raise_
    raise exception
  File "/home/airflow/.local/lib/python3.12/site-packages/sqlalchemy/engine/base.py", line 3371, in _wrap_pool_connect
    return fn()
           ^^^^
  File "/home/airflow/.local/lib/python3.12/site-packages/sqlalchemy/pool/base.py", line 327, in connect
    return _ConnectionFairy._checkout(self)
           ^^^^^^^^^^^^^^^^^^^^^^^^^^^^^^^^
  File "/home/airflow/.local/lib/python3.12/site-packages/sqlalchemy/pool/base.py", line 894, in _checkout
    fairy = _ConnectionRecord.checkout(pool)
            ^^^^^^^^^^^^^^^^^^^^^^^^^^^^^^^^
  File "/home/airflow/.local/lib/python3.12/site-packages/sqlalchemy/pool/base.py", line 493, in checkout
    rec = pool._do_get()
          ^^^^^^^^^^^^^^
  File "/home/airflow/.local/lib/python3.12/site-packages/sqlalchemy/pool/impl.py", line 256, in _do_get
    return self._create_connection()
           ^^^^^^^^^^^^^^^^^^^^^^^^^
  File "/home/airflow/.local/lib/python3.12/site-packages/sqlalchemy/pool/base.py", line 273, in _create_connection
    return _ConnectionRecord(self)
           ^^^^^^^^^^^^^^^^^^^^^^^
  File "/home/airflow/.local/lib/python3.12/site-packages/sqlalchemy/pool/base.py", line 388, in __init__
    self.__connect()
  File "/home/airflow/.local/lib/python3.12/site-packages/sqlalchemy/pool/base.py", line 690, in __connect
    with util.safe_reraise():
  File "/home/airflow/.local/lib/python3.12/site-packages/sqlalchemy/util/langhelpers.py", line 70, in __exit__
    compat.raise_(
  File "/home/airflow/.local/lib/python3.12/site-packages/sqlalchemy/util/compat.py", line 211, in raise_
    raise exception
  File "/home/airflow/.local/lib/python3.12/site-packages/sqlalchemy/pool/base.py", line 686, in __connect
    self.dbapi_connection = connection = pool._invoke_creator(self)
                                         ^^^^^^^^^^^^^^^^^^^^^^^^^^
  File "/home/airflow/.local/lib/python3.12/site-packages/sqlalchemy/engine/create.py", line 574, in connect
    return dialect.connect(*cargs, **cparams)
           ^^^^^^^^^^^^^^^^^^^^^^^^^^^^^^^^^^
  File "/home/airflow/.local/lib/python3.12/site-packages/sqlalchemy/engine/default.py", line 598, in connect
    return self.dbapi.connect(*cargs, **cparams)
           ^^^^^^^^^^^^^^^^^^^^^^^^^^^^^^^^^^^^^
  File "/home/airflow/.local/lib/python3.12/site-packages/psycopg2/__init__.py", line 122, in connect
    conn = _connect(dsn, connection_factory=connection_factory, **kwasync)
           ^^^^^^^^^^^^^^^^^^^^^^^^^^^^^^^^^^^^^^^^^^^^^^^^^^^^^^^^^^^^^^^
sqlalchemy.exc.OperationalError: (psycopg2.OperationalError) could not translate host name "postgres" to address: Temporary failure in name resolution

(Background on this error at: https://sqlalche.me/e/14/e3q8)
[2026-01-12T08:09:41.709+0000] {job.py:226} ERROR - Job heartbeat failed with error. Scheduler is in unhealthy state
[2026-01-12T08:10:09.377+0000] {subprocess.py:93} INFO - 26/01/12 08:08:21 WARN FileSystem: Failed to initialize fileystem hdfs://namenode:9000/user/hdfs/traffic/*/*/*/*/*.jsonl: java.lang.IllegalArgumentException: java.net.UnknownHostException: namenode
[2026-01-12T08:10:09.399+0000] {subprocess.py:93} INFO - 26/01/12 08:09:19 WARN FileStreamSink: Assume no metadata directory. Error while looking for metadata directory in the path: hdfs://namenode:9000/user/hdfs/traffic/*/*/*/*/*.jsonl.
[2026-01-12T08:10:09.905+0000] {subprocess.py:93} INFO - java.lang.IllegalArgumentException: java.net.UnknownHostException: namenode
[2026-01-12T08:10:09.910+0000] {subprocess.py:93} INFO - 	at org.apache.hadoop.security.SecurityUtil.buildTokenService(SecurityUtil.java:466)
[2026-01-12T08:10:09.913+0000] {subprocess.py:93} INFO - 	at org.apache.hadoop.hdfs.NameNodeProxiesClient.createProxyWithClientProtocol(NameNodeProxiesClient.java:134)
[2026-01-12T08:10:09.919+0000] {subprocess.py:93} INFO - 	at org.apache.hadoop.hdfs.DFSClient.<init>(DFSClient.java:374)
[2026-01-12T08:10:09.926+0000] {subprocess.py:93} INFO - 	at org.apache.hadoop.hdfs.DFSClient.<init>(DFSClient.java:308)
[2026-01-12T08:10:09.927+0000] {subprocess.py:93} INFO - 	at org.apache.hadoop.hdfs.DistributedFileSystem.initDFSClient(DistributedFileSystem.java:202)
[2026-01-12T08:10:09.930+0000] {subprocess.py:93} INFO - 	at org.apache.hadoop.hdfs.DistributedFileSystem.initialize(DistributedFileSystem.java:187)
[2026-01-12T08:10:09.934+0000] {subprocess.py:93} INFO - 	at org.apache.hadoop.fs.FileSystem.createFileSystem(FileSystem.java:3469)
[2026-01-12T08:10:09.941+0000] {subprocess.py:93} INFO - 	at org.apache.hadoop.fs.FileSystem.access$300(FileSystem.java:174)
[2026-01-12T08:10:09.950+0000] {subprocess.py:93} INFO - 	at org.apache.hadoop.fs.FileSystem$Cache.getInternal(FileSystem.java:3574)
[2026-01-12T08:10:09.952+0000] {subprocess.py:93} INFO - 	at org.apache.hadoop.fs.FileSystem$Cache.get(FileSystem.java:3521)
[2026-01-12T08:10:09.955+0000] {subprocess.py:93} INFO - 	at org.apache.hadoop.fs.FileSystem.get(FileSystem.java:540)
[2026-01-12T08:10:09.959+0000] {subprocess.py:93} INFO - 	at org.apache.hadoop.fs.Path.getFileSystem(Path.java:365)
[2026-01-12T08:10:09.962+0000] {subprocess.py:93} INFO - 	at org.apache.spark.sql.execution.streaming.FileStreamSink$.hasMetadata(FileStreamSink.scala:53)
[2026-01-12T08:10:09.969+0000] {subprocess.py:93} INFO - 	at org.apache.spark.sql.execution.datasources.DataSource.resolveRelation(DataSource.scala:366)
[2026-01-12T08:10:09.984+0000] {subprocess.py:93} INFO - 	at org.apache.spark.sql.DataFrameReader.loadV1Source(DataFrameReader.scala:229)
[2026-01-12T08:10:09.986+0000] {subprocess.py:93} INFO - 	at org.apache.spark.sql.DataFrameReader.$anonfun$load$2(DataFrameReader.scala:211)
[2026-01-12T08:10:09.988+0000] {subprocess.py:93} INFO - 	at scala.Option.getOrElse(Option.scala:189)
[2026-01-12T08:10:09.990+0000] {subprocess.py:93} INFO - 	at org.apache.spark.sql.DataFrameReader.load(DataFrameReader.scala:211)
[2026-01-12T08:10:09.995+0000] {subprocess.py:93} INFO - 	at org.apache.spark.sql.DataFrameReader.json(DataFrameReader.scala:362)
[2026-01-12T08:10:08.737+0000] {subprocess.py:93} INFO - 	at java.base/jdk.internal.reflect.NativeMethodAccessorImpl.invoke0(Native Method)
[2026-01-12T08:10:08.740+0000] {subprocess.py:93} INFO - 	at java.base/jdk.internal.reflect.NativeMethodAccessorImpl.invoke(Unknown Source)
[2026-01-12T08:10:08.752+0000] {subprocess.py:93} INFO - 	at java.base/jdk.internal.reflect.DelegatingMethodAccessorImpl.invoke(Unknown Source)
[2026-01-12T08:10:08.759+0000] {subprocess.py:93} INFO - 	at java.base/java.lang.reflect.Method.invoke(Unknown Source)
[2026-01-12T08:10:08.761+0000] {subprocess.py:93} INFO - 	at py4j.reflection.MethodInvoker.invoke(MethodInvoker.java:244)
[2026-01-12T08:10:08.766+0000] {subprocess.py:93} INFO - 	at py4j.reflection.ReflectionEngine.invoke(ReflectionEngine.java:374)
[2026-01-12T08:10:08.768+0000] {subprocess.py:93} INFO - 	at py4j.Gateway.invoke(Gateway.java:282)
[2026-01-12T08:10:08.772+0000] {subprocess.py:93} INFO - 	at py4j.commands.AbstractCommand.invokeMethod(AbstractCommand.java:132)
[2026-01-12T08:10:08.780+0000] {subprocess.py:93} INFO - 	at py4j.commands.CallCommand.execute(CallCommand.java:79)
[2026-01-12T08:10:08.785+0000] {subprocess.py:93} INFO - 	at py4j.ClientServerConnection.waitForCommands(ClientServerConnection.java:182)
[2026-01-12T08:10:08.788+0000] {subprocess.py:93} INFO - 	at py4j.ClientServerConnection.run(ClientServerConnection.java:106)
[2026-01-12T08:10:08.789+0000] {subprocess.py:93} INFO - 	at java.base/java.lang.Thread.run(Unknown Source)
[2026-01-12T08:10:08.796+0000] {subprocess.py:93} INFO - Caused by: java.net.UnknownHostException: namenode
[2026-01-12T08:10:08.797+0000] {subprocess.py:93} INFO - 	... 31 more
[2026-01-12T08:10:08.801+0000] {subprocess.py:93} INFO - 26/01/12 08:09:52 WARN FileSystem: Failed to initialize fileystem hdfs://namenode:9000/user/hdfs/traffic/*/*/*/*/*.jsonl: java.lang.IllegalArgumentException: java.net.UnknownHostException: namenode
[2026-01-12T08:10:08.802+0000] {subprocess.py:93} INFO - ‚ùå Erreur lors du traitement : java.net.UnknownHostException: namenode
[2026-01-12T08:10:08.803+0000] {subprocess.py:93} INFO - üõë Spark Session ferm√©e
[2026-01-12T08:10:08.805+0000] {subprocess.py:93} INFO - Traceback (most recent call last):
[2026-01-12T08:10:08.807+0000] {subprocess.py:93} INFO -   File "/tmp/spark_traffic_processing.py", line 255, in <module>
[2026-01-12T08:10:08.810+0000] {subprocess.py:93} INFO -     main()
[2026-01-12T08:10:08.812+0000] {subprocess.py:93} INFO -   File "/tmp/spark_traffic_processing.py", line 234, in main
[2026-01-12T08:10:08.814+0000] {subprocess.py:93} INFO -     df_clean = load_and_clean_data(spark)
[2026-01-12T08:10:08.815+0000] {subprocess.py:93} INFO -   File "/tmp/spark_traffic_processing.py", line 87, in load_and_clean_data
[2026-01-12T08:10:08.817+0000] {subprocess.py:93} INFO -     df_raw = spark.read.json(INPUT_PATH)
[2026-01-12T08:10:08.821+0000] {subprocess.py:93} INFO -   File "/opt/spark/python/lib/pyspark.zip/pyspark/sql/readwriter.py", line 425, in json
[2026-01-12T08:10:08.839+0000] {subprocess.py:93} INFO -   File "/opt/spark/python/lib/py4j-0.10.9.7-src.zip/py4j/java_gateway.py", line 1322, in __call__
[2026-01-12T08:10:08.840+0000] {subprocess.py:93} INFO -   File "/opt/spark/python/lib/pyspark.zip/pyspark/errors/exceptions/captured.py", line 185, in deco
[2026-01-12T08:10:08.841+0000] {subprocess.py:93} INFO - pyspark.errors.exceptions.captured.IllegalArgumentException: java.net.UnknownHostException: namenode
[2026-01-12T08:10:08.843+0000] {subprocess.py:93} INFO - ‚ùå Erreur lors du job Spark
[2026-01-12T08:10:08.845+0000] {subprocess.py:97} INFO - Command exited with return code 1
[2026-01-12T08:10:08.880+0000] {taskinstance.py:441} INFO - ::group::Post task execution logs
[2026-01-12T08:10:08.947+0000] {taskinstance.py:2905} ERROR - Task failed with exception
Traceback (most recent call last):
  File "/home/airflow/.local/lib/python3.12/site-packages/airflow/models/taskinstance.py", line 460, in _execute_task
    result = _execute_callable(context=context, **execute_callable_kwargs)
             ^^^^^^^^^^^^^^^^^^^^^^^^^^^^^^^^^^^^^^^^^^^^^^^^^^^^^^^^^^^^^
  File "/home/airflow/.local/lib/python3.12/site-packages/airflow/models/taskinstance.py", line 432, in _execute_callable
    return execute_callable(context=context, **execute_callable_kwargs)
           ^^^^^^^^^^^^^^^^^^^^^^^^^^^^^^^^^^^^^^^^^^^^^^^^^^^^^^^^^^^^
  File "/home/airflow/.local/lib/python3.12/site-packages/airflow/models/baseoperator.py", line 401, in wrapper
    return func(self, *args, **kwargs)
           ^^^^^^^^^^^^^^^^^^^^^^^^^^^
  File "/home/airflow/.local/lib/python3.12/site-packages/airflow/operators/bash.py", line 243, in execute
    raise AirflowException(
airflow.exceptions.AirflowException: Bash command failed. The command returned a non-zero exit code 1.
[2026-01-12T08:10:09.014+0000] {taskinstance.py:1206} INFO - Marking task as UP_FOR_RETRY. dag_id=traffic_pipeline, task_id=spark_processing, run_id=manual__2026-01-12T07:58:52.756145+00:00, execution_date=20260112T075852, start_date=20260112T080749, end_date=20260112T081009
[2026-01-12T08:10:09.105+0000] {standard_task_runner.py:110} ERROR - Failed to execute job 177 for task spark_processing (Bash command failed. The command returned a non-zero exit code 1.; 673)
[2026-01-12T08:10:09.212+0000] {local_task_job_runner.py:243} INFO - Task exited with return code 1
[2026-01-12T08:10:09.362+0000] {local_task_job_runner.py:222} INFO - ::endgroup::
