[2026-01-12T07:48:16.749+0000] {local_task_job_runner.py:120} INFO - ::group::Pre task execution logs
[2026-01-12T07:48:17.110+0000] {taskinstance.py:2076} INFO - Dependencies all met for dep_context=non-requeueable deps ti=<TaskInstance: traffic_pipeline.spark_processing manual__2026-01-11T00:00:00+00:00 [queued]>
[2026-01-12T07:48:17.268+0000] {taskinstance.py:2076} INFO - Dependencies all met for dep_context=requeueable deps ti=<TaskInstance: traffic_pipeline.spark_processing manual__2026-01-11T00:00:00+00:00 [queued]>
[2026-01-12T07:48:17.396+0000] {taskinstance.py:2306} INFO - Starting attempt 7 of 6
[2026-01-12T07:48:17.588+0000] {taskinstance.py:2330} INFO - Executing <Task(BashOperator): spark_processing> on 2026-01-11 00:00:00+00:00
[2026-01-12T07:48:17.659+0000] {standard_task_runner.py:90} INFO - Running: ['***', 'tasks', 'run', 'traffic_pipeline', 'spark_processing', 'manual__2026-01-11T00:00:00+00:00', '--job-id', '157', '--raw', '--subdir', 'DAGS_FOLDER/traffic_pipeline_dag.py', '--cfg-path', '/tmp/tmpl9ciw12f']
[2026-01-12T07:48:17.674+0000] {logging_mixin.py:188} WARNING - /home/***/.local/lib/python3.12/site-packages/***/task/task_runner/standard_task_runner.py:62 DeprecationWarning: This process (pid=234) is multi-threaded, use of fork() may lead to deadlocks in the child.
[2026-01-12T07:48:17.701+0000] {standard_task_runner.py:91} INFO - Job 157: Subtask spark_processing
[2026-01-12T07:48:17.715+0000] {standard_task_runner.py:64} INFO - Started process 244 to run task
[2026-01-12T07:48:19.767+0000] {task_command.py:426} INFO - Running <TaskInstance: traffic_pipeline.spark_processing manual__2026-01-11T00:00:00+00:00 [running]> on host 62775b93545d
[2026-01-12T07:48:20.582+0000] {taskinstance.py:2648} INFO - Exporting env vars: AIRFLOW_CTX_DAG_EMAIL='alertes@smartcity.local' AIRFLOW_CTX_DAG_OWNER='smartcity-team' AIRFLOW_CTX_DAG_ID='traffic_pipeline' AIRFLOW_CTX_TASK_ID='spark_processing' AIRFLOW_CTX_EXECUTION_DATE='2026-01-11T00:00:00+00:00' AIRFLOW_CTX_TRY_NUMBER='7' AIRFLOW_CTX_DAG_RUN_ID='manual__2026-01-11T00:00:00+00:00'
[2026-01-12T07:48:20.658+0000] {taskinstance.py:430} INFO - ::endgroup::
[2026-01-12T07:48:21.105+0000] {subprocess.py:63} INFO - Tmp dir root location: /tmp
[2026-01-12T07:48:21.154+0000] {subprocess.py:75} INFO - Running command: ['/usr/bin/bash', '-c', '\n            echo "ðŸš€ Lancement du job Spark..."\n            \n            # Copier le script si nÃ©cessaire\n            docker cp /opt/***/scripts/spark_traffic_processing.py spark-master:/tmp/ 2>/dev/null || true\n            \n            # Soumettre le job Spark avec plus de mÃ©moire et timeout gÃ©rÃ©\n            docker exec spark-master /opt/spark/bin/spark-submit                 --master spark://spark-master:7077                 --deploy-mode client                 --executor-memory 2g                 --driver-memory 1g                 --total-executor-cores 2                 /tmp/spark_traffic_processing.py\n            \n            if [ $? -eq 0 ]; then\n                echo "âœ… Job Spark terminÃ© avec succÃ¨s"\n            else\n                echo "âŒ Erreur lors du job Spark"\n                exit 1\n            fi\n        ']
[2026-01-12T07:48:21.277+0000] {subprocess.py:86} INFO - Output:
[2026-01-12T07:48:21.322+0000] {subprocess.py:93} INFO - ðŸš€ Lancement du job Spark...
[2026-01-12T07:48:47.352+0000] {subprocess.py:93} INFO - ðŸš€ DÃ©marrage du job Spark : SmartCityTrafficAnalysis
[2026-01-12T07:48:47.972+0000] {subprocess.py:93} INFO - 26/01/12 07:48:47 INFO SparkContext: Running Spark version 3.5.1
[2026-01-12T07:48:48.000+0000] {subprocess.py:93} INFO - 26/01/12 07:48:47 INFO SparkContext: OS info Linux, 6.6.87.2-microsoft-standard-WSL2, amd64
[2026-01-12T07:48:48.007+0000] {subprocess.py:93} INFO - 26/01/12 07:48:47 INFO SparkContext: Java version 11.0.22
[2026-01-12T07:48:48.759+0000] {subprocess.py:93} INFO - 26/01/12 07:48:48 WARN NativeCodeLoader: Unable to load native-hadoop library for your platform... using builtin-java classes where applicable
[2026-01-12T07:48:49.350+0000] {subprocess.py:93} INFO - 26/01/12 07:48:49 INFO ResourceUtils: ==============================================================
[2026-01-12T07:48:49.361+0000] {subprocess.py:93} INFO - 26/01/12 07:48:49 INFO ResourceUtils: No custom resources configured for spark.driver.
[2026-01-12T07:48:49.363+0000] {subprocess.py:93} INFO - 26/01/12 07:48:49 INFO ResourceUtils: ==============================================================
[2026-01-12T07:48:49.365+0000] {subprocess.py:93} INFO - 26/01/12 07:48:49 INFO SparkContext: Submitted application: SmartCityTrafficAnalysis
[2026-01-12T07:48:49.489+0000] {subprocess.py:93} INFO - 26/01/12 07:48:49 INFO ResourceProfile: Default ResourceProfile created, executor resources: Map(memory -> name: memory, amount: 2048, script: , vendor: , offHeap -> name: offHeap, amount: 0, script: , vendor: ), task resources: Map(cpus -> name: cpus, amount: 1.0)
[2026-01-12T07:48:49.554+0000] {subprocess.py:93} INFO - 26/01/12 07:48:49 INFO ResourceProfile: Limiting resource is cpu
[2026-01-12T07:48:49.559+0000] {subprocess.py:93} INFO - 26/01/12 07:48:49 INFO ResourceProfileManager: Added ResourceProfile id: 0
[2026-01-12T07:48:48.661+0000] {subprocess.py:93} INFO - 26/01/12 07:48:48 INFO SecurityManager: Changing view acls to: root
[2026-01-12T07:48:48.668+0000] {subprocess.py:93} INFO - 26/01/12 07:48:48 INFO SecurityManager: Changing modify acls to: root
[2026-01-12T07:48:48.681+0000] {subprocess.py:93} INFO - 26/01/12 07:48:48 INFO SecurityManager: Changing view acls groups to:
[2026-01-12T07:48:48.694+0000] {subprocess.py:93} INFO - 26/01/12 07:48:48 INFO SecurityManager: Changing modify acls groups to:
[2026-01-12T07:48:48.706+0000] {subprocess.py:93} INFO - 26/01/12 07:48:48 INFO SecurityManager: SecurityManager: authentication disabled; ui acls disabled; users with view permissions: root; groups with view permissions: EMPTY; users with modify permissions: root; groups with modify permissions: EMPTY
[2026-01-12T07:48:51.645+0000] {subprocess.py:93} INFO - 26/01/12 07:48:51 INFO Utils: Successfully started service 'sparkDriver' on port 37733.
[2026-01-12T07:48:52.392+0000] {subprocess.py:93} INFO - 26/01/12 07:48:52 INFO SparkEnv: Registering MapOutputTracker
[2026-01-12T07:48:53.384+0000] {subprocess.py:93} INFO - 26/01/12 07:48:53 INFO SparkEnv: Registering BlockManagerMaster
[2026-01-12T07:48:53.809+0000] {subprocess.py:93} INFO - 26/01/12 07:48:53 INFO BlockManagerMasterEndpoint: Using org.apache.spark.storage.DefaultTopologyMapper for getting topology information
[2026-01-12T07:48:53.814+0000] {subprocess.py:93} INFO - 26/01/12 07:48:53 INFO BlockManagerMasterEndpoint: BlockManagerMasterEndpoint up
[2026-01-12T07:48:53.941+0000] {subprocess.py:93} INFO - 26/01/12 07:48:53 INFO SparkEnv: Registering BlockManagerMasterHeartbeat
[2026-01-12T07:48:54.917+0000] {subprocess.py:93} INFO - 26/01/12 07:48:54 INFO DiskBlockManager: Created local directory at /tmp/blockmgr-40d79541-9ad6-405d-af0f-979addb228bf
[2026-01-12T07:48:55.182+0000] {subprocess.py:93} INFO - 26/01/12 07:48:55 INFO MemoryStore: MemoryStore started with capacity 434.4 MiB
[2026-01-12T07:48:55.685+0000] {subprocess.py:93} INFO - 26/01/12 07:48:55 INFO SparkEnv: Registering OutputCommitCoordinator
[2026-01-12T07:48:58.559+0000] {subprocess.py:93} INFO - 26/01/12 07:48:58 INFO JettyUtils: Start Jetty 0.0.0.0:4040 for SparkUI
[2026-01-12T07:49:00.246+0000] {subprocess.py:93} INFO - 26/01/12 07:49:00 WARN Utils: Service 'SparkUI' could not bind on port 4040. Attempting port 4041.
[2026-01-12T07:49:00.298+0000] {subprocess.py:93} INFO - 26/01/12 07:49:00 WARN Utils: Service 'SparkUI' could not bind on port 4041. Attempting port 4042.
[2026-01-12T07:49:00.648+0000] {subprocess.py:93} INFO - 26/01/12 07:49:00 INFO Utils: Successfully started service 'SparkUI' on port 4042.
[2026-01-12T07:49:03.747+0000] {subprocess.py:93} INFO - 26/01/12 07:49:03 INFO StandaloneAppClient$ClientEndpoint: Connecting to master spark://spark-master:7077...
[2026-01-12T07:49:05.090+0000] {subprocess.py:93} INFO - 26/01/12 07:49:05 INFO TransportClientFactory: Successfully created connection to spark-master/172.18.0.6:7077 after 953 ms (0 ms spent in bootstraps)
[2026-01-12T07:49:18.210+0000] {subprocess.py:93} INFO - 26/01/12 07:49:18 INFO StandaloneSchedulerBackend: Connected to Spark cluster with app ID app-20260112074918-0007
[2026-01-12T07:49:18.399+0000] {subprocess.py:93} INFO - 26/01/12 07:49:18 INFO Utils: Successfully started service 'org.apache.spark.network.netty.NettyBlockTransferService' on port 35273.
[2026-01-12T07:49:18.401+0000] {subprocess.py:93} INFO - 26/01/12 07:49:18 INFO NettyBlockTransferService: Server created on 41ba9fc1becf:35273
[2026-01-12T07:49:18.423+0000] {subprocess.py:93} INFO - 26/01/12 07:49:18 INFO BlockManager: Using org.apache.spark.storage.RandomBlockReplicationPolicy for block replication policy
[2026-01-12T07:49:18.511+0000] {subprocess.py:93} INFO - 26/01/12 07:49:18 INFO BlockManagerMaster: Registering BlockManager BlockManagerId(driver, 41ba9fc1becf, 35273, None)
[2026-01-12T07:49:18.562+0000] {subprocess.py:93} INFO - 26/01/12 07:49:18 INFO BlockManagerMasterEndpoint: Registering block manager 41ba9fc1becf:35273 with 434.4 MiB RAM, BlockManagerId(driver, 41ba9fc1becf, 35273, None)
[2026-01-12T07:49:18.603+0000] {subprocess.py:93} INFO - 26/01/12 07:49:18 INFO BlockManagerMaster: Registered BlockManager BlockManagerId(driver, 41ba9fc1becf, 35273, None)
[2026-01-12T07:49:18.616+0000] {subprocess.py:93} INFO - 26/01/12 07:49:18 INFO BlockManager: Initialized BlockManager: BlockManagerId(driver, 41ba9fc1becf, 35273, None)
[2026-01-12T07:49:21.100+0000] {subprocess.py:93} INFO - 26/01/12 07:49:21 INFO StandaloneSchedulerBackend: SchedulerBackend is ready for scheduling beginning after reached minRegisteredResourcesRatio: 0.0
[2026-01-12T07:49:23.802+0000] {subprocess.py:93} INFO - âœ… Spark Session crÃ©Ã©e : spark://spark-master:7077
[2026-01-12T07:49:23.804+0000] {subprocess.py:93} INFO - ðŸ“‚ Lecture depuis : hdfs://namenode:9000/user/hdfs/traffic/*/*/*/*/*.jsonl
[2026-01-12T07:50:14.066+0000] {subprocess.py:93} INFO - 26/01/12 07:50:14 WARN TaskSchedulerImpl: Initial job has not accepted any resources; check your cluster UI to ensure that workers are registered and have sufficient resources
[2026-01-12T07:50:29.062+0000] {subprocess.py:93} INFO - 26/01/12 07:50:29 WARN TaskSchedulerImpl: Initial job has not accepted any resources; check your cluster UI to ensure that workers are registered and have sufficient resources
[2026-01-12T07:50:44.063+0000] {subprocess.py:93} INFO - 26/01/12 07:50:44 WARN TaskSchedulerImpl: Initial job has not accepted any resources; check your cluster UI to ensure that workers are registered and have sufficient resources
[2026-01-12T07:50:59.060+0000] {subprocess.py:93} INFO - 26/01/12 07:50:59 WARN TaskSchedulerImpl: Initial job has not accepted any resources; check your cluster UI to ensure that workers are registered and have sufficient resources
[2026-01-12T07:51:14.057+0000] {subprocess.py:93} INFO - 26/01/12 07:51:14 WARN TaskSchedulerImpl: Initial job has not accepted any resources; check your cluster UI to ensure that workers are registered and have sufficient resources
[2026-01-12T07:51:29.057+0000] {subprocess.py:93} INFO - 26/01/12 07:51:29 WARN TaskSchedulerImpl: Initial job has not accepted any resources; check your cluster UI to ensure that workers are registered and have sufficient resources
[2026-01-12T07:52:03.730+0000] {job.py:218} ERROR - Job heartbeat got an exception
Traceback (most recent call last):
  File "/home/airflow/.local/lib/python3.12/site-packages/sqlalchemy/engine/base.py", line 3371, in _wrap_pool_connect
    return fn()
           ^^^^
  File "/home/airflow/.local/lib/python3.12/site-packages/sqlalchemy/pool/base.py", line 327, in connect
    return _ConnectionFairy._checkout(self)
           ^^^^^^^^^^^^^^^^^^^^^^^^^^^^^^^^
  File "/home/airflow/.local/lib/python3.12/site-packages/sqlalchemy/pool/base.py", line 894, in _checkout
    fairy = _ConnectionRecord.checkout(pool)
            ^^^^^^^^^^^^^^^^^^^^^^^^^^^^^^^^
  File "/home/airflow/.local/lib/python3.12/site-packages/sqlalchemy/pool/base.py", line 493, in checkout
    rec = pool._do_get()
          ^^^^^^^^^^^^^^
  File "/home/airflow/.local/lib/python3.12/site-packages/sqlalchemy/pool/impl.py", line 256, in _do_get
    return self._create_connection()
           ^^^^^^^^^^^^^^^^^^^^^^^^^
  File "/home/airflow/.local/lib/python3.12/site-packages/sqlalchemy/pool/base.py", line 273, in _create_connection
    return _ConnectionRecord(self)
           ^^^^^^^^^^^^^^^^^^^^^^^
  File "/home/airflow/.local/lib/python3.12/site-packages/sqlalchemy/pool/base.py", line 388, in __init__
    self.__connect()
  File "/home/airflow/.local/lib/python3.12/site-packages/sqlalchemy/pool/base.py", line 690, in __connect
    with util.safe_reraise():
  File "/home/airflow/.local/lib/python3.12/site-packages/sqlalchemy/util/langhelpers.py", line 70, in __exit__
    compat.raise_(
  File "/home/airflow/.local/lib/python3.12/site-packages/sqlalchemy/util/compat.py", line 211, in raise_
    raise exception
  File "/home/airflow/.local/lib/python3.12/site-packages/sqlalchemy/pool/base.py", line 686, in __connect
    self.dbapi_connection = connection = pool._invoke_creator(self)
                                         ^^^^^^^^^^^^^^^^^^^^^^^^^^
  File "/home/airflow/.local/lib/python3.12/site-packages/sqlalchemy/engine/create.py", line 574, in connect
    return dialect.connect(*cargs, **cparams)
           ^^^^^^^^^^^^^^^^^^^^^^^^^^^^^^^^^^
  File "/home/airflow/.local/lib/python3.12/site-packages/sqlalchemy/engine/default.py", line 598, in connect
    return self.dbapi.connect(*cargs, **cparams)
           ^^^^^^^^^^^^^^^^^^^^^^^^^^^^^^^^^^^^^
  File "/home/airflow/.local/lib/python3.12/site-packages/psycopg2/__init__.py", line 122, in connect
    conn = _connect(dsn, connection_factory=connection_factory, **kwasync)
           ^^^^^^^^^^^^^^^^^^^^^^^^^^^^^^^^^^^^^^^^^^^^^^^^^^^^^^^^^^^^^^^
psycopg2.OperationalError: could not translate host name "postgres" to address: Temporary failure in name resolution


The above exception was the direct cause of the following exception:

Traceback (most recent call last):
  File "/home/airflow/.local/lib/python3.12/site-packages/airflow/jobs/job.py", line 213, in heartbeat
    heartbeat_callback(session)
  File "/home/airflow/.local/lib/python3.12/site-packages/airflow/utils/session.py", line 76, in wrapper
    return func(*args, **kwargs)
           ^^^^^^^^^^^^^^^^^^^^^
  File "/home/airflow/.local/lib/python3.12/site-packages/airflow/jobs/local_task_job_runner.py", line 261, in heartbeat_callback
    self.task_instance.refresh_from_db()
  File "/home/airflow/.local/lib/python3.12/site-packages/airflow/utils/session.py", line 79, in wrapper
    return func(*args, session=session, **kwargs)
           ^^^^^^^^^^^^^^^^^^^^^^^^^^^^^^^^^^^^^^
  File "/home/airflow/.local/lib/python3.12/site-packages/airflow/models/taskinstance.py", line 1821, in refresh_from_db
    _refresh_from_db(task_instance=self, session=session, lock_for_update=lock_for_update)
  File "/home/airflow/.local/lib/python3.12/site-packages/airflow/models/taskinstance.py", line 510, in _refresh_from_db
    ti = TaskInstance.get_task_instance(
         ^^^^^^^^^^^^^^^^^^^^^^^^^^^^^^^
  File "/home/airflow/.local/lib/python3.12/site-packages/airflow/api_internal/internal_api_call.py", line 115, in wrapper
    return func(*args, **kwargs)
           ^^^^^^^^^^^^^^^^^^^^^
  File "/home/airflow/.local/lib/python3.12/site-packages/airflow/utils/session.py", line 76, in wrapper
    return func(*args, **kwargs)
           ^^^^^^^^^^^^^^^^^^^^^
  File "/home/airflow/.local/lib/python3.12/site-packages/airflow/models/taskinstance.py", line 1807, in get_task_instance
    return query.one_or_none()
           ^^^^^^^^^^^^^^^^^^^
  File "/home/airflow/.local/lib/python3.12/site-packages/sqlalchemy/orm/query.py", line 2850, in one_or_none
    return self._iter().one_or_none()
           ^^^^^^^^^^^^
  File "/home/airflow/.local/lib/python3.12/site-packages/sqlalchemy/orm/query.py", line 2916, in _iter
    result = self.session.execute(
             ^^^^^^^^^^^^^^^^^^^^^
  File "/home/airflow/.local/lib/python3.12/site-packages/sqlalchemy/orm/session.py", line 1716, in execute
    conn = self._connection_for_bind(bind)
           ^^^^^^^^^^^^^^^^^^^^^^^^^^^^^^^
  File "/home/airflow/.local/lib/python3.12/site-packages/sqlalchemy/orm/session.py", line 1555, in _connection_for_bind
    return self._transaction._connection_for_bind(
           ^^^^^^^^^^^^^^^^^^^^^^^^^^^^^^^^^^^^^^^
  File "/home/airflow/.local/lib/python3.12/site-packages/sqlalchemy/orm/session.py", line 750, in _connection_for_bind
    conn = bind.connect()
           ^^^^^^^^^^^^^^
  File "/home/airflow/.local/lib/python3.12/site-packages/sqlalchemy/future/engine.py", line 412, in connect
    return super(Engine, self).connect()
           ^^^^^^^^^^^^^^^^^^^^^^^^^^^^^
  File "/home/airflow/.local/lib/python3.12/site-packages/sqlalchemy/engine/base.py", line 3325, in connect
    return self._connection_cls(self, close_with_result=close_with_result)
           ^^^^^^^^^^^^^^^^^^^^^^^^^^^^^^^^^^^^^^^^^^^^^^^^^^^^^^^^^^^^^^^
  File "/home/airflow/.local/lib/python3.12/site-packages/sqlalchemy/engine/base.py", line 96, in __init__
    else engine.raw_connection()
         ^^^^^^^^^^^^^^^^^^^^^^^
  File "/home/airflow/.local/lib/python3.12/site-packages/sqlalchemy/engine/base.py", line 3404, in raw_connection
    return self._wrap_pool_connect(self.pool.connect, _connection)
           ^^^^^^^^^^^^^^^^^^^^^^^^^^^^^^^^^^^^^^^^^^^^^^^^^^^^^^^
  File "/home/airflow/.local/lib/python3.12/site-packages/sqlalchemy/engine/base.py", line 3374, in _wrap_pool_connect
    Connection._handle_dbapi_exception_noconnection(
  File "/home/airflow/.local/lib/python3.12/site-packages/sqlalchemy/engine/base.py", line 2208, in _handle_dbapi_exception_noconnection
    util.raise_(
  File "/home/airflow/.local/lib/python3.12/site-packages/sqlalchemy/util/compat.py", line 211, in raise_
    raise exception
  File "/home/airflow/.local/lib/python3.12/site-packages/sqlalchemy/engine/base.py", line 3371, in _wrap_pool_connect
    return fn()
           ^^^^
  File "/home/airflow/.local/lib/python3.12/site-packages/sqlalchemy/pool/base.py", line 327, in connect
    return _ConnectionFairy._checkout(self)
           ^^^^^^^^^^^^^^^^^^^^^^^^^^^^^^^^
  File "/home/airflow/.local/lib/python3.12/site-packages/sqlalchemy/pool/base.py", line 894, in _checkout
    fairy = _ConnectionRecord.checkout(pool)
            ^^^^^^^^^^^^^^^^^^^^^^^^^^^^^^^^
  File "/home/airflow/.local/lib/python3.12/site-packages/sqlalchemy/pool/base.py", line 493, in checkout
    rec = pool._do_get()
          ^^^^^^^^^^^^^^
  File "/home/airflow/.local/lib/python3.12/site-packages/sqlalchemy/pool/impl.py", line 256, in _do_get
    return self._create_connection()
           ^^^^^^^^^^^^^^^^^^^^^^^^^
  File "/home/airflow/.local/lib/python3.12/site-packages/sqlalchemy/pool/base.py", line 273, in _create_connection
    return _ConnectionRecord(self)
           ^^^^^^^^^^^^^^^^^^^^^^^
  File "/home/airflow/.local/lib/python3.12/site-packages/sqlalchemy/pool/base.py", line 388, in __init__
    self.__connect()
  File "/home/airflow/.local/lib/python3.12/site-packages/sqlalchemy/pool/base.py", line 690, in __connect
    with util.safe_reraise():
  File "/home/airflow/.local/lib/python3.12/site-packages/sqlalchemy/util/langhelpers.py", line 70, in __exit__
    compat.raise_(
  File "/home/airflow/.local/lib/python3.12/site-packages/sqlalchemy/util/compat.py", line 211, in raise_
    raise exception
  File "/home/airflow/.local/lib/python3.12/site-packages/sqlalchemy/pool/base.py", line 686, in __connect
    self.dbapi_connection = connection = pool._invoke_creator(self)
                                         ^^^^^^^^^^^^^^^^^^^^^^^^^^
  File "/home/airflow/.local/lib/python3.12/site-packages/sqlalchemy/engine/create.py", line 574, in connect
    return dialect.connect(*cargs, **cparams)
           ^^^^^^^^^^^^^^^^^^^^^^^^^^^^^^^^^^
  File "/home/airflow/.local/lib/python3.12/site-packages/sqlalchemy/engine/default.py", line 598, in connect
    return self.dbapi.connect(*cargs, **cparams)
           ^^^^^^^^^^^^^^^^^^^^^^^^^^^^^^^^^^^^^
  File "/home/airflow/.local/lib/python3.12/site-packages/psycopg2/__init__.py", line 122, in connect
    conn = _connect(dsn, connection_factory=connection_factory, **kwasync)
           ^^^^^^^^^^^^^^^^^^^^^^^^^^^^^^^^^^^^^^^^^^^^^^^^^^^^^^^^^^^^^^^
sqlalchemy.exc.OperationalError: (psycopg2.OperationalError) could not translate host name "postgres" to address: Temporary failure in name resolution

(Background on this error at: https://sqlalche.me/e/14/e3q8)
[2026-01-12T07:53:36.534+0000] {job.py:226} ERROR - Job heartbeat failed with error. Scheduler is in unhealthy state
[2026-01-12T07:54:10.385+0000] {subprocess.py:93} INFO - 26/01/12 07:51:44 WARN TaskSchedulerImpl: Initial job has not accepted any resources; check your cluster UI to ensure that workers are registered and have sufficient resources
[2026-01-12T07:54:10.404+0000] {subprocess.py:93} INFO - 26/01/12 07:51:59 WARN TaskSchedulerImpl: Initial job has not accepted any resources; check your cluster UI to ensure that workers are registered and have sufficient resources
[2026-01-12T07:54:10.411+0000] {subprocess.py:93} INFO - 26/01/12 07:52:15 WARN TaskSchedulerImpl: Initial job has not accepted any resources; check your cluster UI to ensure that workers are registered and have sufficient resources
[2026-01-12T07:54:10.414+0000] {subprocess.py:93} INFO - 26/01/12 07:52:29 WARN TaskSchedulerImpl: Initial job has not accepted any resources; check your cluster UI to ensure that workers are registered and have sufficient resources
[2026-01-12T07:54:10.415+0000] {subprocess.py:93} INFO - 26/01/12 07:52:45 WARN TaskSchedulerImpl: Initial job has not accepted any resources; check your cluster UI to ensure that workers are registered and have sufficient resources
[2026-01-12T07:54:10.419+0000] {subprocess.py:93} INFO - 26/01/12 07:53:02 WARN TaskSchedulerImpl: Initial job has not accepted any resources; check your cluster UI to ensure that workers are registered and have sufficient resources
[2026-01-12T07:54:10.424+0000] {subprocess.py:93} INFO - 26/01/12 07:53:14 WARN TaskSchedulerImpl: Initial job has not accepted any resources; check your cluster UI to ensure that workers are registered and have sufficient resources
[2026-01-12T07:54:10.442+0000] {subprocess.py:93} INFO - 26/01/12 07:53:29 WARN TaskSchedulerImpl: Initial job has not accepted any resources; check your cluster UI to ensure that workers are registered and have sufficient resources
[2026-01-12T07:54:10.663+0000] {subprocess.py:93} INFO - 26/01/12 07:53:46 WARN TaskSchedulerImpl: Initial job has not accepted any resources; check your cluster UI to ensure that workers are registered and have sufficient resources
[2026-01-12T07:54:10.668+0000] {subprocess.py:93} INFO - 26/01/12 07:53:59 WARN TaskSchedulerImpl: Initial job has not accepted any resources; check your cluster UI to ensure that workers are registered and have sufficient resources
[2026-01-12T07:54:14.061+0000] {subprocess.py:93} INFO - 26/01/12 07:54:14 WARN TaskSchedulerImpl: Initial job has not accepted any resources; check your cluster UI to ensure that workers are registered and have sufficient resources
[2026-01-12T07:54:29.059+0000] {subprocess.py:93} INFO - 26/01/12 07:54:29 WARN TaskSchedulerImpl: Initial job has not accepted any resources; check your cluster UI to ensure that workers are registered and have sufficient resources
[2026-01-12T07:54:44.633+0000] {subprocess.py:93} INFO - 26/01/12 07:54:44 WARN TaskSchedulerImpl: Initial job has not accepted any resources; check your cluster UI to ensure that workers are registered and have sufficient resources
[2026-01-12T07:55:17.735+0000] {subprocess.py:93} INFO - 26/01/12 07:54:59 WARN TaskSchedulerImpl: Initial job has not accepted any resources; check your cluster UI to ensure that workers are registered and have sufficient resources
[2026-01-12T07:55:17.745+0000] {subprocess.py:93} INFO - 26/01/12 07:55:14 WARN TaskSchedulerImpl: Initial job has not accepted any resources; check your cluster UI to ensure that workers are registered and have sufficient resources
[2026-01-12T07:55:29.061+0000] {subprocess.py:93} INFO - 26/01/12 07:55:29 WARN TaskSchedulerImpl: Initial job has not accepted any resources; check your cluster UI to ensure that workers are registered and have sufficient resources
[2026-01-12T07:55:44.057+0000] {subprocess.py:93} INFO - 26/01/12 07:55:44 WARN TaskSchedulerImpl: Initial job has not accepted any resources; check your cluster UI to ensure that workers are registered and have sufficient resources
[2026-01-12T07:55:59.062+0000] {subprocess.py:93} INFO - 26/01/12 07:55:59 WARN TaskSchedulerImpl: Initial job has not accepted any resources; check your cluster UI to ensure that workers are registered and have sufficient resources
[2026-01-12T07:56:14.058+0000] {subprocess.py:93} INFO - 26/01/12 07:56:14 WARN TaskSchedulerImpl: Initial job has not accepted any resources; check your cluster UI to ensure that workers are registered and have sufficient resources
[2026-01-12T07:56:29.060+0000] {subprocess.py:93} INFO - 26/01/12 07:56:29 WARN TaskSchedulerImpl: Initial job has not accepted any resources; check your cluster UI to ensure that workers are registered and have sufficient resources
[2026-01-12T07:56:44.058+0000] {subprocess.py:93} INFO - 26/01/12 07:56:44 WARN TaskSchedulerImpl: Initial job has not accepted any resources; check your cluster UI to ensure that workers are registered and have sufficient resources
[2026-01-12T07:56:59.059+0000] {subprocess.py:93} INFO - 26/01/12 07:56:59 WARN TaskSchedulerImpl: Initial job has not accepted any resources; check your cluster UI to ensure that workers are registered and have sufficient resources
[2026-01-12T07:57:54.583+0000] {job.py:226} ERROR - Job heartbeat failed with error. Scheduler is in unhealthy state
[2026-01-12T07:58:29.438+0000] {job.py:226} ERROR - Job heartbeat failed with error. Scheduler is in unhealthy state
[2026-01-12T07:59:10.368+0000] {job.py:226} ERROR - Job heartbeat failed with error. Scheduler is in unhealthy state
[2026-01-12T07:59:55.749+0000] {job.py:226} ERROR - Job heartbeat failed with error. Scheduler is in unhealthy state
[2026-01-12T08:00:52.736+0000] {job.py:226} ERROR - Job heartbeat failed with error. Scheduler is in unhealthy state
[2026-01-12T08:01:40.734+0000] {job.py:226} ERROR - Job heartbeat failed with error. Scheduler is in unhealthy state
[2026-01-12T08:02:34.768+0000] {job.py:221} ERROR - Job heartbeat failed with error. Scheduler may go into unhealthy state
[2026-01-12T08:07:35.999+0000] {subprocess.py:93} INFO - âœ… Job Spark terminÃ© avec succÃ¨s
[2026-01-12T08:07:36.063+0000] {subprocess.py:97} INFO - Command exited with return code 0
[2026-01-12T08:07:36.195+0000] {taskinstance.py:441} INFO - ::group::Post task execution logs
[2026-01-12T08:07:36.955+0000] {taskinstance.py:1206} INFO - Marking task as SUCCESS. dag_id=traffic_pipeline, task_id=spark_processing, run_id=manual__2026-01-11T00:00:00+00:00, execution_date=20260111T000000, start_date=20260112T074817, end_date=20260112T080736
[2026-01-12T08:07:37.178+0000] {local_task_job_runner.py:243} INFO - Task exited with return code 0
[2026-01-12T08:07:37.611+0000] {taskinstance.py:3503} INFO - 0 downstream tasks scheduled from follow-on schedule check
[2026-01-12T08:07:37.625+0000] {local_task_job_runner.py:222} INFO - ::endgroup::
